<?xml version="1.0" encoding="UTF-8"?>
<coverage generated="1773362128738" clover="3.2.0">
  <project timestamp="1773362128738" name="All files">
    <metrics statements="747" coveredstatements="666" conditionals="543" coveredconditionals="440" methods="169" coveredmethods="155" elements="1459" coveredelements="1261" complexity="0" loc="747" ncloc="747" packages="8" files="28" classes="28"/>
    <package name="main.services">
      <metrics statements="159" coveredstatements="142" conditionals="66" coveredconditionals="47" methods="18" coveredmethods="18"/>
      <file name="executionService.ts" path="/Users/edwardchan/Desktop/CS7180/ClutterCut/src/main/services/executionService.ts">
        <metrics statements="59" coveredstatements="56" conditionals="24" coveredconditionals="17" methods="5" coveredmethods="5"/>
        <line num="11" count="5" type="stmt"/>
        <line num="12" count="6" type="cond" truecount="2" falsecount="0"/>
        <line num="13" count="5" type="stmt"/>
        <line num="14" count="5" type="stmt"/>
        <line num="15" count="5" type="cond" truecount="2" falsecount="0"/>
        <line num="16" count="4" type="stmt"/>
        <line num="18" count="1" type="cond" truecount="1" falsecount="1"/>
        <line num="19" count="1" type="cond" truecount="1" falsecount="1"/>
        <line num="20" count="0" type="stmt"/>
        <line num="24" count="1" type="stmt"/>
        <line num="32" count="3" type="stmt"/>
        <line num="34" count="3" type="stmt"/>
        <line num="43" count="3" type="stmt"/>
        <line num="45" count="3" type="stmt"/>
        <line num="46" count="6" type="stmt"/>
        <line num="47" count="3" type="stmt"/>
        <line num="49" count="6" type="cond" truecount="2" falsecount="0"/>
        <line num="52" count="3" type="stmt"/>
        <line num="53" count="3" type="stmt"/>
        <line num="55" count="3" type="stmt"/>
        <line num="56" count="5" type="stmt"/>
        <line num="57" count="5" type="cond" truecount="2" falsecount="0"/>
        <line num="58" count="4" type="stmt"/>
        <line num="59" count="4" type="stmt"/>
        <line num="60" count="4" type="stmt"/>
        <line num="62" count="4" type="stmt"/>
        <line num="64" count="4" type="stmt"/>
        <line num="67" count="4" type="stmt"/>
        <line num="68" count="4" type="stmt"/>
        <line num="69" count="4" type="stmt"/>
        <line num="71" count="4" type="stmt"/>
        <line num="72" count="5" type="stmt"/>
        <line num="73" count="5" type="stmt"/>
        <line num="75" count="1" type="stmt"/>
        <line num="76" count="1" type="stmt"/>
        <line num="77" count="1" type="stmt"/>
        <line num="78" count="1" type="stmt"/>
        <line num="79" count="1" type="stmt"/>
        <line num="82" count="4" type="stmt"/>
        <line num="87" count="4" type="stmt"/>
        <line num="89" count="3" type="stmt"/>
        <line num="91" count="3" type="cond" truecount="1" falsecount="1"/>
        <line num="92" count="3" type="stmt"/>
        <line num="94" count="3" type="stmt"/>
        <line num="96" count="3" type="stmt"/>
        <line num="98" count="1" type="stmt"/>
        <line num="99" count="1" type="stmt"/>
        <line num="100" count="1" type="stmt"/>
        <line num="110" count="3" type="stmt"/>
        <line num="111" count="3" type="stmt"/>
        <line num="113" count="3" type="stmt"/>
        <line num="114" count="5" type="cond" truecount="1" falsecount="1"/>
        <line num="116" count="5" type="cond" truecount="4" falsecount="0"/>
        <line num="118" count="2" type="stmt"/>
        <line num="121" count="3" type="stmt"/>
        <line num="125" count="3" type="stmt"/>
        <line num="127" count="0" type="stmt"/>
        <line num="128" count="0" type="stmt"/>
        <line num="134" count="3" type="stmt"/>
      </file>
      <file name="folderService.ts" path="/Users/edwardchan/Desktop/CS7180/ClutterCut/src/main/services/folderService.ts">
        <metrics statements="15" coveredstatements="15" conditionals="10" coveredconditionals="9" methods="4" coveredmethods="4"/>
        <line num="14" count="2" type="stmt"/>
        <line num="18" count="2" type="cond" truecount="4" falsecount="0"/>
        <line num="19" count="1" type="stmt"/>
        <line num="22" count="1" type="stmt"/>
        <line num="32" count="6" type="stmt"/>
        <line num="33" count="6" type="stmt"/>
        <line num="34" count="3" type="stmt"/>
        <line num="35" count="7" type="stmt"/>
        <line num="36" count="5" type="stmt"/>
        <line num="37" count="3" type="stmt"/>
        <line num="39" count="3" type="stmt"/>
        <line num="40" count="3" type="cond" truecount="4" falsecount="0"/>
        <line num="41" count="2" type="stmt"/>
        <line num="46" count="1" type="cond" truecount="1" falsecount="1"/>
        <line num="47" count="3" type="stmt"/>
      </file>
      <file name="offlineQueueService.ts" path="/Users/edwardchan/Desktop/CS7180/ClutterCut/src/main/services/offlineQueueService.ts">
        <metrics statements="31" coveredstatements="25" conditionals="6" coveredconditionals="3" methods="5" coveredmethods="5"/>
        <line num="2" count="1" type="stmt"/>
        <line num="6" count="1" type="stmt"/>
        <line num="10" count="6" type="stmt"/>
        <line num="11" count="6" type="stmt"/>
        <line num="15" count="2" type="stmt"/>
        <line num="16" count="2" type="stmt"/>
        <line num="18" count="2" type="stmt"/>
        <line num="19" count="2" type="stmt"/>
        <line num="20" count="1" type="stmt"/>
        <line num="23" count="1" type="cond" truecount="1" falsecount="1"/>
        <line num="24" count="0" type="stmt"/>
        <line num="25" count="0" type="stmt"/>
        <line num="29" count="2" type="stmt"/>
        <line num="31" count="2" type="stmt"/>
        <line num="35" count="2" type="stmt"/>
        <line num="36" count="2" type="stmt"/>
        <line num="37" count="2" type="stmt"/>
        <line num="38" count="1" type="stmt"/>
        <line num="40" count="1" type="cond" truecount="1" falsecount="1"/>
        <line num="41" count="1" type="stmt"/>
        <line num="43" count="0" type="stmt"/>
        <line num="44" count="0" type="stmt"/>
        <line num="49" count="2" type="stmt"/>
        <line num="50" count="2" type="stmt"/>
        <line num="51" count="2" type="stmt"/>
        <line num="52" count="1" type="stmt"/>
        <line num="54" count="2" type="stmt"/>
        <line num="56" count="1" type="stmt"/>
        <line num="58" count="1" type="cond" truecount="1" falsecount="1"/>
        <line num="59" count="0" type="stmt"/>
        <line num="60" count="0" type="stmt"/>
      </file>
      <file name="ruleService.ts" path="/Users/edwardchan/Desktop/CS7180/ClutterCut/src/main/services/ruleService.ts">
        <metrics statements="9" coveredstatements="9" conditionals="4" coveredconditionals="4" methods="2" coveredmethods="2"/>
        <line num="15" count="11" type="stmt"/>
        <line num="17" count="11" type="cond" truecount="2" falsecount="0"/>
        <line num="18" count="3" type="stmt"/>
        <line num="21" count="8" type="stmt"/>
        <line num="22" count="8" type="stmt"/>
        <line num="36" count="9" type="stmt"/>
        <line num="38" count="9" type="cond" truecount="2" falsecount="0"/>
        <line num="39" count="2" type="stmt"/>
        <line num="42" count="7" type="stmt"/>
      </file>
      <file name="undoService.ts" path="/Users/edwardchan/Desktop/CS7180/ClutterCut/src/main/services/undoService.ts">
        <metrics statements="45" coveredstatements="37" conditionals="22" coveredconditionals="14" methods="2" coveredmethods="2"/>
        <line num="15" count="2" type="stmt"/>
        <line num="17" count="2" type="stmt"/>
        <line num="18" count="2" type="stmt"/>
        <line num="19" count="2" type="stmt"/>
        <line num="20" count="4" type="cond" truecount="5" falsecount="0"/>
        <line num="22" count="3" type="stmt"/>
        <line num="23" count="3" type="cond" truecount="1" falsecount="1"/>
        <line num="24" count="3" type="stmt"/>
        <line num="26" count="3" type="cond" truecount="1" falsecount="1"/>
        <line num="27" count="3" type="stmt"/>
        <line num="34" count="2" type="stmt"/>
        <line num="42" count="2" type="stmt"/>
        <line num="43" count="2" type="stmt"/>
        <line num="44" count="2" type="stmt"/>
        <line num="46" count="2" type="stmt"/>
        <line num="53" count="2" type="stmt"/>
        <line num="54" count="2" type="cond" truecount="3" falsecount="1"/>
        <line num="55" count="0" type="stmt"/>
        <line num="58" count="2" type="stmt"/>
        <line num="60" count="2" type="stmt"/>
        <line num="61" count="3" type="stmt"/>
        <line num="63" count="3" type="stmt"/>
        <line num="64" count="4" type="stmt"/>
        <line num="65" count="4" type="stmt"/>
        <line num="67" count="4" type="stmt"/>
        <line num="69" count="4" type="stmt"/>
        <line num="74" count="3" type="stmt"/>
        <line num="75" count="3" type="stmt"/>
        <line num="76" count="3" type="stmt"/>
        <line num="78" count="3" type="stmt"/>
        <line num="79" count="3" type="stmt"/>
        <line num="80" count="3" type="stmt"/>
        <line num="82" count="0" type="stmt"/>
        <line num="83" count="0" type="stmt"/>
        <line num="84" count="0" type="stmt"/>
        <line num="85" count="0" type="stmt"/>
        <line num="86" count="0" type="stmt"/>
        <line num="89" count="3" type="stmt"/>
        <line num="93" count="3" type="stmt"/>
        <line num="94" count="3" type="stmt"/>
        <line num="96" count="1" type="stmt"/>
        <line num="97" count="1" type="stmt"/>
        <line num="110" count="0" type="stmt"/>
        <line num="111" count="0" type="stmt"/>
        <line num="117" count="2" type="stmt"/>
      </file>
    </package>
    <package name="renderer.src">
      <metrics statements="6" coveredstatements="6" conditionals="8" coveredconditionals="8" methods="2" coveredmethods="2"/>
      <file name="App.tsx" path="/Users/edwardchan/Desktop/CS7180/ClutterCut/src/renderer/src/App.tsx">
        <metrics statements="6" coveredstatements="6" conditionals="8" coveredconditionals="8" methods="2" coveredmethods="2"/>
        <line num="16" count="24" type="stmt"/>
        <line num="17" count="24" type="stmt"/>
        <line num="19" count="24" type="cond" truecount="2" falsecount="0"/>
        <line num="20" count="16" type="stmt"/>
        <line num="30" count="8" type="stmt"/>
        <line num="60" count="2" type="stmt"/>
      </file>
    </package>
    <package name="renderer.src.components">
      <metrics statements="45" coveredstatements="42" conditionals="68" coveredconditionals="56" methods="18" coveredmethods="17"/>
      <file name="HistoryEntry.tsx" path="/Users/edwardchan/Desktop/CS7180/ClutterCut/src/renderer/src/components/HistoryEntry.tsx">
        <metrics statements="36" coveredstatements="33" conditionals="62" coveredconditionals="50" methods="17" coveredmethods="16"/>
        <line num="11" count="4" type="cond" truecount="3" falsecount="1"/>
        <line num="12" count="0" type="stmt"/>
        <line num="15" count="4" type="stmt"/>
        <line num="17" count="4" type="cond" truecount="1" falsecount="1"/>
        <line num="18" count="0" type="stmt"/>
        <line num="22" count="4" type="cond" truecount="1" falsecount="0"/>
        <line num="23" count="6" type="stmt"/>
        <line num="24" count="6" type="cond" truecount="2" falsecount="0"/>
        <line num="29" count="6" type="stmt"/>
        <line num="32" count="4" type="stmt"/>
        <line num="48" count="2" type="stmt"/>
        <line num="49" count="2" type="cond" truecount="1" falsecount="1"/>
        <line num="50" count="2" type="stmt"/>
        <line num="52" count="2" type="stmt"/>
        <line num="89" count="4" type="stmt"/>
        <line num="92" count="4" type="stmt"/>
        <line num="109" count="19" type="stmt"/>
        <line num="110" count="19" type="stmt"/>
        <line num="111" count="19" type="stmt"/>
        <line num="113" count="19" type="stmt"/>
        <line num="114" count="2" type="stmt"/>
        <line num="115" count="2" type="stmt"/>
        <line num="116" count="2" type="stmt"/>
        <line num="117" count="2" type="stmt"/>
        <line num="123" count="19" type="stmt"/>
        <line num="124" count="19" type="stmt"/>
        <line num="125" count="19" type="stmt"/>
        <line num="131" count="19" type="stmt"/>
        <line num="176" count="3" type="stmt"/>
        <line num="177" count="3" type="stmt"/>
        <line num="235" count="2" type="cond" truecount="1" falsecount="1"/>
        <line num="241" count="2" type="stmt"/>
        <line num="325" count="1" type="stmt"/>
        <line num="409" count="1" type="stmt"/>
        <line num="427" count="2" type="stmt"/>
        <line num="461" count="0" type="stmt"/>
      </file>
      <file name="ProtectedRoute.tsx" path="/Users/edwardchan/Desktop/CS7180/ClutterCut/src/renderer/src/components/ProtectedRoute.tsx">
        <metrics statements="9" coveredstatements="9" conditionals="6" coveredconditionals="6" methods="1" coveredmethods="1"/>
        <line num="17" count="8" type="stmt"/>
        <line num="18" count="8" type="stmt"/>
        <line num="20" count="8" type="cond" truecount="2" falsecount="0"/>
        <line num="21" count="2" type="stmt"/>
        <line num="24" count="6" type="cond" truecount="2" falsecount="0"/>
        <line num="25" count="2" type="stmt"/>
        <line num="28" count="4" type="cond" truecount="2" falsecount="0"/>
        <line num="29" count="2" type="stmt"/>
        <line num="32" count="2" type="stmt"/>
      </file>
    </package>
    <package name="renderer.src.context">
      <metrics statements="7" coveredstatements="6" conditionals="2" coveredconditionals="1" methods="3" coveredmethods="2"/>
      <file name="GuestContext.tsx" path="/Users/edwardchan/Desktop/CS7180/ClutterCut/src/renderer/src/context/GuestContext.tsx">
        <metrics statements="5" coveredstatements="4" conditionals="2" coveredconditionals="1" methods="2" coveredmethods="1"/>
        <line num="8" count="3" type="stmt"/>
        <line num="14" count="22" type="stmt"/>
        <line num="15" count="22" type="cond" truecount="1" falsecount="1"/>
        <line num="16" count="0" type="stmt"/>
        <line num="18" count="22" type="stmt"/>
      </file>
      <file name="GuestProvider.tsx" path="/Users/edwardchan/Desktop/CS7180/ClutterCut/src/renderer/src/context/GuestProvider.tsx">
        <metrics statements="2" coveredstatements="2" conditionals="0" coveredconditionals="0" methods="1" coveredmethods="1"/>
        <line num="9" count="16" type="stmt"/>
        <line num="11" count="16" type="stmt"/>
      </file>
    </package>
    <package name="renderer.src.hooks">
      <metrics statements="153" coveredstatements="145" conditionals="70" coveredconditionals="55" methods="23" coveredmethods="23"/>
      <file name="useAuth.ts" path="/Users/edwardchan/Desktop/CS7180/ClutterCut/src/renderer/src/hooks/useAuth.ts">
        <metrics statements="11" coveredstatements="11" conditionals="0" coveredconditionals="0" methods="5" coveredmethods="5"/>
        <line num="11" count="49" type="stmt"/>
        <line num="12" count="49" type="stmt"/>
        <line num="14" count="49" type="stmt"/>
        <line num="16" count="20" type="stmt"/>
        <line num="17" count="20" type="stmt"/>
        <line num="18" count="20" type="stmt"/>
        <line num="24" count="20" type="stmt"/>
        <line num="25" count="2" type="stmt"/>
        <line num="26" count="2" type="stmt"/>
        <line num="29" count="20" type="stmt"/>
        <line num="32" count="49" type="stmt"/>
      </file>
      <file name="useFolderSelection.ts" path="/Users/edwardchan/Desktop/CS7180/ClutterCut/src/renderer/src/hooks/useFolderSelection.ts">
        <metrics statements="20" coveredstatements="20" conditionals="4" coveredconditionals="4" methods="2" coveredmethods="2"/>
        <line num="20" count="17" type="stmt"/>
        <line num="21" count="17" type="stmt"/>
        <line num="22" count="17" type="stmt"/>
        <line num="23" count="17" type="stmt"/>
        <line num="25" count="17" type="stmt"/>
        <line num="26" count="4" type="stmt"/>
        <line num="27" count="4" type="stmt"/>
        <line num="29" count="4" type="stmt"/>
        <line num="30" count="4" type="stmt"/>
        <line num="32" count="4" type="cond" truecount="2" falsecount="0"/>
        <line num="34" count="1" type="stmt"/>
        <line num="35" count="1" type="stmt"/>
        <line num="38" count="3" type="stmt"/>
        <line num="40" count="3" type="stmt"/>
        <line num="44" count="3" type="cond" truecount="2" falsecount="0"/>
        <line num="45" count="1" type="stmt"/>
        <line num="46" count="1" type="stmt"/>
        <line num="48" count="2" type="stmt"/>
        <line num="51" count="4" type="stmt"/>
        <line num="55" count="17" type="stmt"/>
      </file>
      <file name="useHistory.ts" path="/Users/edwardchan/Desktop/CS7180/ClutterCut/src/renderer/src/hooks/useHistory.ts">
        <metrics statements="17" coveredstatements="17" conditionals="17" coveredconditionals="15" methods="5" coveredmethods="5"/>
        <line num="16" count="13" type="stmt"/>
        <line num="18" count="5" type="stmt"/>
        <line num="27" count="13" type="stmt"/>
        <line num="30" count="7" type="stmt"/>
        <line num="31" count="7" type="cond" truecount="2" falsecount="0"/>
        <line num="32" count="1" type="cond" truecount="1" falsecount="1"/>
        <line num="34" count="6" type="cond" truecount="1" falsecount="1"/>
        <line num="38" count="13" type="cond" truecount="2" falsecount="0"/>
        <line num="39" count="13" type="cond" truecount="3" falsecount="0"/>
        <line num="43" count="13" type="cond" truecount="2" falsecount="0"/>
        <line num="45" count="13" type="cond" truecount="2" falsecount="0"/>
        <line num="46" count="5" type="stmt"/>
        <line num="47" count="5" type="stmt"/>
        <line num="48" count="3" type="cond" truecount="2" falsecount="0"/>
        <line num="49" count="2" type="stmt"/>
        <line num="54" count="13" type="stmt"/>
        <line num="56" count="13" type="stmt"/>
      </file>
      <file name="useSaveRun.ts" path="/Users/edwardchan/Desktop/CS7180/ClutterCut/src/renderer/src/hooks/useSaveRun.ts">
        <metrics statements="22" coveredstatements="18" conditionals="10" coveredconditionals="4" methods="2" coveredmethods="2"/>
        <line num="17" count="8" type="stmt"/>
        <line num="18" count="8" type="stmt"/>
        <line num="20" count="8" type="stmt"/>
        <line num="28" count="4" type="stmt"/>
        <line num="29" count="4" type="stmt"/>
        <line num="31" count="4" type="stmt"/>
        <line num="32" count="4" type="stmt"/>
        <line num="33" count="4" type="stmt"/>
        <line num="35" count="4" type="stmt"/>
        <line num="49" count="4" type="stmt"/>
        <line num="50" count="4" type="cond" truecount="2" falsecount="0"/>
        <line num="52" count="2" type="stmt"/>
        <line num="54" count="2" type="stmt"/>
        <line num="56" count="2" type="cond" truecount="1" falsecount="1"/>
        <line num="59" count="2" type="stmt"/>
        <line num="60" count="2" type="cond" truecount="1" falsecount="1"/>
        <line num="61" count="0" type="cond" truecount="0" falsecount="2"/>
        <line num="65" count="0" type="stmt"/>
        <line num="66" count="0" type="cond" truecount="0" falsecount="2"/>
        <line num="67" count="0" type="stmt"/>
        <line num="69" count="4" type="stmt"/>
        <line num="73" count="8" type="stmt"/>
      </file>
      <file name="useSyncQueue.ts" path="/Users/edwardchan/Desktop/CS7180/ClutterCut/src/renderer/src/hooks/useSyncQueue.ts">
        <metrics statements="27" coveredstatements="25" conditionals="12" coveredconditionals="11" methods="4" coveredmethods="4"/>
        <line num="5" count="33" type="stmt"/>
        <line num="6" count="33" type="stmt"/>
        <line num="8" count="33" type="stmt"/>
        <line num="9" count="12" type="stmt"/>
        <line num="10" count="13" type="cond" truecount="4" falsecount="0"/>
        <line num="12" count="11" type="stmt"/>
        <line num="13" count="11" type="stmt"/>
        <line num="14" count="11" type="stmt"/>
        <line num="15" count="11" type="stmt"/>
        <line num="17" count="11" type="cond" truecount="2" falsecount="0"/>
        <line num="18" count="1" type="stmt"/>
        <line num="19" count="1" type="stmt"/>
        <line num="22" count="10" type="cond" truecount="4" falsecount="0"/>
        <line num="23" count="1" type="stmt"/>
        <line num="24" count="1" type="stmt"/>
        <line num="25" count="1" type="stmt"/>
        <line num="27" count="1" type="cond" truecount="1" falsecount="1"/>
        <line num="28" count="1" type="stmt"/>
        <line num="30" count="0" type="stmt"/>
        <line num="35" count="0" type="stmt"/>
        <line num="37" count="11" type="stmt"/>
        <line num="38" count="11" type="stmt"/>
        <line num="43" count="12" type="stmt"/>
        <line num="45" count="12" type="stmt"/>
        <line num="47" count="12" type="stmt"/>
        <line num="48" count="12" type="stmt"/>
        <line num="52" count="33" type="stmt"/>
      </file>
      <file name="useUndo.ts" path="/Users/edwardchan/Desktop/CS7180/ClutterCut/src/renderer/src/hooks/useUndo.ts">
        <metrics statements="56" coveredstatements="54" conditionals="27" coveredconditionals="21" methods="5" coveredmethods="5"/>
        <line num="11" count="13" type="stmt"/>
        <line num="12" count="13" type="stmt"/>
        <line num="13" count="13" type="stmt"/>
        <line num="15" count="13" type="stmt"/>
        <line num="16" count="6" type="stmt"/>
        <line num="17" count="6" type="stmt"/>
        <line num="19" count="6" type="stmt"/>
        <line num="20" count="6" type="stmt"/>
        <line num="21" count="6" type="cond" truecount="2" falsecount="0"/>
        <line num="22" count="1" type="stmt"/>
        <line num="26" count="5" type="stmt"/>
        <line num="27" count="5" type="stmt"/>
        <line num="29" count="4" type="cond" truecount="4" falsecount="0"/>
        <line num="31" count="1" type="cond" truecount="1" falsecount="1"/>
        <line num="32" count="1" type="stmt"/>
        <line num="34" count="0" type="stmt"/>
        <line num="38" count="3" type="stmt"/>
        <line num="41" count="3" type="stmt"/>
        <line num="42" count="3" type="stmt"/>
        <line num="45" count="3" type="stmt"/>
        <line num="52" count="3" type="stmt"/>
        <line num="54" count="3" type="stmt"/>
        <line num="70" count="3" type="stmt"/>
        <line num="73" count="3" type="stmt"/>
        <line num="74" count="3" type="stmt"/>
        <line num="76" count="3" type="stmt"/>
        <line num="78" count="3" type="stmt"/>
        <line num="79" count="3" type="cond" truecount="1" falsecount="1"/>
        <line num="80" count="3" type="stmt"/>
        <line num="81" count="3" type="stmt"/>
        <line num="83" count="6" type="stmt"/>
        <line num="87" count="13" type="stmt"/>
        <line num="108" count="3" type="cond" truecount="2" falsecount="0"/>
        <line num="109" count="2" type="stmt"/>
        <line num="113" count="1" type="stmt"/>
        <line num="118" count="1" type="cond" truecount="3" falsecount="1"/>
        <line num="120" count="0" type="stmt"/>
        <line num="126" count="1" type="stmt"/>
        <line num="128" count="1" type="stmt"/>
        <line num="130" count="1" type="stmt"/>
        <line num="131" count="1" type="stmt"/>
        <line num="133" count="1" type="stmt"/>
        <line num="134" count="2" type="cond" truecount="2" falsecount="0"/>
        <line num="136" count="1" type="stmt"/>
        <line num="137" count="1" type="cond" truecount="4" falsecount="1"/>
        <line num="139" count="1" type="stmt"/>
        <line num="140" count="1" type="stmt"/>
        <line num="141" count="2" type="stmt"/>
        <line num="142" count="1" type="cond" truecount="1" falsecount="1"/>
        <line num="143" count="1" type="stmt"/>
        <line num="146" count="1" type="cond" truecount="1" falsecount="1"/>
        <line num="147" count="1" type="stmt"/>
        <line num="153" count="1" type="stmt"/>
        <line num="154" count="1" type="stmt"/>
        <line num="157" count="1" type="stmt"/>
        <line num="160" count="1" type="stmt"/>
      </file>
    </package>
    <package name="renderer.src.lib">
      <metrics statements="29" coveredstatements="17" conditionals="22" coveredconditionals="10" methods="7" coveredmethods="4"/>
      <file name="auth.ts" path="/Users/edwardchan/Desktop/CS7180/ClutterCut/src/renderer/src/lib/auth.ts">
        <metrics statements="2" coveredstatements="2" conditionals="2" coveredconditionals="2" methods="1" coveredmethods="1"/>
        <line num="9" count="3" type="stmt"/>
        <line num="10" count="3" type="cond" truecount="2" falsecount="0"/>
      </file>
      <file name="ruleMatch.ts" path="/Users/edwardchan/Desktop/CS7180/ClutterCut/src/renderer/src/lib/ruleMatch.ts">
        <metrics statements="14" coveredstatements="12" conditionals="14" coveredconditionals="8" methods="3" coveredmethods="3"/>
        <line num="17" count="122" type="stmt"/>
        <line num="18" count="122" type="cond" truecount="1" falsecount="1"/>
        <line num="26" count="132" type="stmt"/>
        <line num="27" count="167" type="stmt"/>
        <line num="28" count="167" type="stmt"/>
        <line num="29" count="167" type="stmt"/>
        <line num="30" count="167" type="cond" truecount="4" falsecount="0"/>
        <line num="32" count="122" type="cond" truecount="1" falsecount="1"/>
        <line num="33" count="122" type="cond" truecount="2" falsecount="0"/>
        <line num="34" count="0" type="cond" truecount="0" falsecount="2"/>
        <line num="35" count="0" type="cond" truecount="0" falsecount="2"/>
        <line num="38" count="75" type="stmt"/>
        <line num="50" count="154" type="stmt"/>
        <line num="51" count="154" type="stmt"/>
      </file>
      <file name="runs.ts" path="/Users/edwardchan/Desktop/CS7180/ClutterCut/src/renderer/src/lib/runs.ts">
        <metrics statements="13" coveredstatements="3" conditionals="6" coveredconditionals="0" methods="3" coveredmethods="0"/>
        <line num="4" count="1" type="stmt"/>
        <line num="5" count="0" type="stmt"/>
        <line num="11" count="0" type="cond" truecount="0" falsecount="2"/>
        <line num="12" count="0" type="stmt"/>
        <line num="15" count="0" type="stmt"/>
        <line num="18" count="1" type="stmt"/>
        <line num="19" count="0" type="stmt"/>
        <line num="21" count="0" type="cond" truecount="0" falsecount="2"/>
        <line num="22" count="0" type="stmt"/>
        <line num="26" count="1" type="stmt"/>
        <line num="29" count="0" type="stmt"/>
        <line num="31" count="0" type="cond" truecount="0" falsecount="2"/>
        <line num="32" count="0" type="stmt"/>
      </file>
    </package>
    <package name="renderer.src.screens">
      <metrics statements="321" coveredstatements="293" conditionals="289" coveredconditionals="250" methods="97" coveredmethods="88"/>
      <file name="FailureScreen.tsx" path="/Users/edwardchan/Desktop/CS7180/ClutterCut/src/renderer/src/screens/FailureScreen.tsx">
        <metrics statements="24" coveredstatements="24" conditionals="50" coveredconditionals="41" methods="6" coveredmethods="6"/>
        <line num="11" count="14" type="stmt"/>
        <line num="12" count="14" type="stmt"/>
        <line num="13" count="14" type="stmt"/>
        <line num="14" count="14" type="cond" truecount="1" falsecount="1"/>
        <line num="15" count="14" type="stmt"/>
        <line num="17" count="14" type="cond" truecount="4" falsecount="2"/>
        <line num="20" count="14" type="stmt"/>
        <line num="21" count="14" type="cond" truecount="1" falsecount="1"/>
        <line num="22" count="14" type="stmt"/>
        <line num="23" count="14" type="cond" truecount="2" falsecount="0"/>
        <line num="24" count="10" type="stmt"/>
        <line num="25" count="10" type="stmt"/>
        <line num="26" count="10" type="cond" truecount="3" falsecount="1"/>
        <line num="27" count="10" type="stmt"/>
        <line num="28" count="10" type="stmt"/>
        <line num="29" count="10" type="cond" truecount="3" falsecount="1"/>
        <line num="30" count="10" type="stmt"/>
        <line num="37" count="14" type="stmt"/>
        <line num="39" count="14" type="stmt"/>
        <line num="145" count="10" type="stmt"/>
        <line num="166" count="30" type="stmt"/>
        <line num="187" count="28" type="stmt"/>
        <line num="223" count="1" type="stmt"/>
        <line num="230" count="1" type="stmt"/>
      </file>
      <file name="HistoryScreen.tsx" path="/Users/edwardchan/Desktop/CS7180/ClutterCut/src/renderer/src/screens/HistoryScreen.tsx">
        <metrics statements="40" coveredstatements="31" conditionals="26" coveredconditionals="19" methods="12" coveredmethods="10"/>
        <line num="10" count="10" type="stmt"/>
        <line num="11" count="10" type="stmt"/>
        <line num="12" count="10" type="stmt"/>
        <line num="13" count="10" type="stmt"/>
        <line num="14" count="10" type="stmt"/>
        <line num="16" count="10" type="stmt"/>
        <line num="17" count="10" type="stmt"/>
        <line num="20" count="10" type="stmt"/>
        <line num="21" count="6" type="stmt"/>
        <line num="22" count="6" type="stmt"/>
        <line num="23" count="3" type="cond" truecount="1" falsecount="1"/>
        <line num="24" count="3" type="stmt"/>
        <line num="26" count="3" type="stmt"/>
        <line num="28" count="6" type="stmt"/>
        <line num="31" count="10" type="stmt"/>
        <line num="32" count="10" type="stmt"/>
        <line num="34" count="10" type="stmt"/>
        <line num="35" count="0" type="stmt"/>
        <line num="36" count="0" type="stmt"/>
        <line num="37" count="0" type="stmt"/>
        <line num="38" count="0" type="cond" truecount="0" falsecount="2"/>
        <line num="39" count="0" type="stmt"/>
        <line num="40" count="0" type="stmt"/>
        <line num="42" count="0" type="stmt"/>
        <line num="46" count="10" type="stmt"/>
        <line num="47" count="2" type="stmt"/>
        <line num="48" count="2" type="stmt"/>
        <line num="49" count="2" type="cond" truecount="1" falsecount="1"/>
        <line num="50" count="0" type="stmt"/>
        <line num="52" count="2" type="stmt"/>
        <line num="54" count="2" type="stmt"/>
        <line num="58" count="10" type="stmt"/>
        <line num="59" count="2" type="cond" truecount="2" falsecount="0"/>
        <line num="62" count="10" type="stmt"/>
        <line num="70" count="0" type="stmt"/>
        <line num="115" count="8" type="stmt"/>
        <line num="116" count="8" type="stmt"/>
        <line num="124" count="2" type="stmt"/>
        <line num="173" count="4" type="stmt"/>
        <line num="177" count="2" type="stmt"/>
      </file>
      <file name="LoginScreen.tsx" path="/Users/edwardchan/Desktop/CS7180/ClutterCut/src/renderer/src/screens/LoginScreen.tsx">
        <metrics statements="31" coveredstatements="30" conditionals="12" coveredconditionals="11" methods="6" coveredmethods="5"/>
        <line num="7" count="27" type="stmt"/>
        <line num="8" count="27" type="stmt"/>
        <line num="9" count="27" type="stmt"/>
        <line num="10" count="27" type="stmt"/>
        <line num="11" count="27" type="stmt"/>
        <line num="13" count="27" type="stmt"/>
        <line num="14" count="5" type="stmt"/>
        <line num="15" count="5" type="stmt"/>
        <line num="17" count="5" type="cond" truecount="4" falsecount="0"/>
        <line num="18" count="1" type="stmt"/>
        <line num="19" count="1" type="stmt"/>
        <line num="22" count="4" type="stmt"/>
        <line num="23" count="4" type="cond" truecount="2" falsecount="0"/>
        <line num="24" count="1" type="stmt"/>
        <line num="25" count="1" type="stmt"/>
        <line num="28" count="3" type="stmt"/>
        <line num="29" count="3" type="stmt"/>
        <line num="34" count="2" type="cond" truecount="2" falsecount="0"/>
        <line num="35" count="1" type="stmt"/>
        <line num="36" count="1" type="stmt"/>
        <line num="39" count="1" type="cond" truecount="1" falsecount="1"/>
        <line num="40" count="1" type="stmt"/>
        <line num="41" count="1" type="stmt"/>
        <line num="44" count="1" type="stmt"/>
        <line num="48" count="27" type="stmt"/>
        <line num="49" count="3" type="stmt"/>
        <line num="50" count="3" type="stmt"/>
        <line num="53" count="27" type="stmt"/>
        <line num="69" count="4" type="stmt"/>
        <line num="83" count="4" type="stmt"/>
        <line num="116" count="0" type="stmt"/>
      </file>
      <file name="OrganizeScreen.tsx" path="/Users/edwardchan/Desktop/CS7180/ClutterCut/src/renderer/src/screens/OrganizeScreen.tsx">
        <metrics statements="22" coveredstatements="20" conditionals="25" coveredconditionals="25" methods="7" coveredmethods="5"/>
        <line num="9" count="24" type="stmt"/>
        <line num="10" count="24" type="stmt"/>
        <line num="11" count="24" type="stmt"/>
        <line num="12" count="24" type="stmt"/>
        <line num="13" count="24" type="stmt"/>
        <line num="14" count="24" type="stmt"/>
        <line num="17" count="24" type="cond" truecount="2" falsecount="0"/>
        <line num="19" count="24" type="stmt"/>
        <line num="20" count="2" type="stmt"/>
        <line num="21" count="2" type="stmt"/>
        <line num="22" count="2" type="stmt"/>
        <line num="23" count="2" type="cond" truecount="2" falsecount="0"/>
        <line num="24" count="1" type="stmt"/>
        <line num="25" count="1" type="stmt"/>
        <line num="27" count="1" type="stmt"/>
        <line num="31" count="24" type="stmt"/>
        <line num="33" count="24" type="stmt"/>
        <line num="35" count="24" type="stmt"/>
        <line num="44" count="0" type="stmt"/>
        <line num="52" count="0" type="stmt"/>
        <line num="129" count="6" type="stmt"/>
        <line num="159" count="1" type="stmt"/>
      </file>
      <file name="PreviewScreen.tsx" path="/Users/edwardchan/Desktop/CS7180/ClutterCut/src/renderer/src/screens/PreviewScreen.tsx">
        <metrics statements="82" coveredstatements="79" conditionals="45" coveredconditionals="39" methods="26" coveredmethods="26"/>
        <line num="15" count="18" type="stmt"/>
        <line num="16" count="18" type="stmt"/>
        <line num="17" count="18" type="cond" truecount="1" falsecount="1"/>
        <line num="19" count="18" type="cond" truecount="1" falsecount="1"/>
        <line num="20" count="18" type="cond" truecount="1" falsecount="1"/>
        <line num="21" count="18" type="cond" truecount="1" falsecount="1"/>
        <line num="23" count="18" type="stmt"/>
        <line num="24" count="18" type="stmt"/>
        <line num="26" count="18" type="stmt"/>
        <line num="28" count="103" type="stmt"/>
        <line num="29" count="103" type="stmt"/>
        <line num="32" count="18" type="stmt"/>
        <line num="33" count="18" type="stmt"/>
        <line num="34" count="18" type="stmt"/>
        <line num="36" count="18" type="stmt"/>
        <line num="38" count="18" type="stmt"/>
        <line num="39" count="69" type="stmt"/>
        <line num="40" count="69" type="cond" truecount="2" falsecount="0"/>
        <line num="41" count="51" type="stmt"/>
        <line num="42" count="51" type="stmt"/>
        <line num="43" count="51" type="cond" truecount="2" falsecount="0"/>
        <line num="44" count="34" type="stmt"/>
        <line num="46" count="51" type="stmt"/>
        <line num="48" count="18" type="stmt"/>
        <line num="52" count="18" type="stmt"/>
        <line num="53" count="34" type="stmt"/>
        <line num="56" count="18" type="stmt"/>
        <line num="57" count="34" type="stmt"/>
        <line num="61" count="18" type="stmt"/>
        <line num="62" count="18" type="stmt"/>
        <line num="63" count="18" type="stmt"/>
        <line num="64" count="34" type="stmt"/>
        <line num="67" count="18" type="stmt"/>
        <line num="68" count="18" type="stmt"/>
        <line num="70" count="18" type="stmt"/>
        <line num="71" count="142" type="cond" truecount="2" falsecount="0"/>
        <line num="74" count="18" type="stmt"/>
        <line num="75" count="34" type="stmt"/>
        <line num="78" count="18" type="stmt"/>
        <line num="79" count="1" type="stmt"/>
        <line num="82" count="18" type="stmt"/>
        <line num="83" count="1" type="stmt"/>
        <line num="86" count="18" type="stmt"/>
        <line num="122" count="103" type="stmt"/>
        <line num="123" count="17" type="stmt"/>
        <line num="125" count="34" type="stmt"/>
        <line num="136" count="103" type="stmt"/>
        <line num="137" count="102" type="stmt"/>
        <line num="139" count="69" type="stmt"/>
        <line num="140" count="69" type="stmt"/>
        <line num="142" count="69" type="cond" truecount="4" falsecount="0"/>
        <line num="145" count="69" type="stmt"/>
        <line num="200" count="17" type="stmt"/>
        <line num="201" count="17" type="stmt"/>
        <line num="202" count="17" type="stmt"/>
        <line num="203" count="17" type="stmt"/>
        <line num="205" count="17" type="stmt"/>
        <line num="232" count="34" type="stmt"/>
        <line num="251" count="17" type="stmt"/>
        <line num="252" count="17" type="stmt"/>
        <line num="253" count="17" type="stmt"/>
        <line num="254" count="17" type="stmt"/>
        <line num="256" count="17" type="stmt"/>
        <line num="283" count="17" type="stmt"/>
        <line num="314" count="17" type="stmt"/>
        <line num="325" count="18" type="stmt"/>
        <line num="360" count="4" type="cond" truecount="1" falsecount="1"/>
        <line num="361" count="4" type="stmt"/>
        <line num="362" count="4" type="stmt"/>
        <line num="363" count="4" type="stmt"/>
        <line num="366" count="8" type="stmt"/>
        <line num="374" count="4" type="stmt"/>
        <line num="378" count="4" type="cond" truecount="4" falsecount="0"/>
        <line num="379" count="2" type="stmt"/>
        <line num="380" count="2" type="stmt"/>
        <line num="389" count="0" type="stmt"/>
        <line num="393" count="4" type="cond" truecount="4" falsecount="0"/>
        <line num="394" count="2" type="stmt"/>
        <line num="396" count="2" type="stmt"/>
        <line num="399" count="0" type="stmt"/>
        <line num="401" count="0" type="stmt"/>
        <line num="419" count="4" type="stmt"/>
      </file>
      <file name="RulesScreen.tsx" path="/Users/edwardchan/Desktop/CS7180/ClutterCut/src/renderer/src/screens/RulesScreen.tsx">
        <metrics statements="65" coveredstatements="63" conditionals="91" coveredconditionals="86" methods="30" coveredmethods="29"/>
        <line num="18" count="2" type="stmt"/>
        <line num="21" count="130" type="cond" truecount="2" falsecount="0"/>
        <line num="22" count="70" type="cond" truecount="2" falsecount="0"/>
        <line num="23" count="40" type="cond" truecount="2" falsecount="0"/>
        <line num="24" count="18" type="stmt"/>
        <line num="25" count="22" type="stmt"/>
        <line num="29" count="61" type="stmt"/>
        <line num="53" count="59" type="stmt"/>
        <line num="54" count="59" type="stmt"/>
        <line num="56" count="59" type="stmt"/>
        <line num="58" count="59" type="stmt"/>
        <line num="78" count="7" type="stmt"/>
        <line num="91" count="21" type="stmt"/>
        <line num="92" count="21" type="cond" truecount="2" falsecount="0"/>
        <line num="94" count="21" type="stmt"/>
        <line num="145" count="59" type="stmt"/>
        <line num="146" count="59" type="stmt"/>
        <line num="147" count="59" type="cond" truecount="1" falsecount="1"/>
        <line num="148" count="59" type="cond" truecount="2" falsecount="0"/>
        <line num="149" count="59" type="cond" truecount="2" falsecount="0"/>
        <line num="150" count="59" type="cond" truecount="4" falsecount="0"/>
        <line num="152" count="59" type="stmt"/>
        <line num="158" count="59" type="stmt"/>
        <line num="159" count="59" type="stmt"/>
        <line num="160" count="67" type="cond" truecount="2" falsecount="0"/>
        <line num="161" count="35" type="stmt"/>
        <line num="162" count="35" type="cond" truecount="2" falsecount="0"/>
        <line num="166" count="59" type="stmt"/>
        <line num="168" count="63" type="cond" truecount="2" falsecount="0"/>
        <line num="169" count="62" type="cond" truecount="2" falsecount="0"/>
        <line num="171" count="59" type="stmt"/>
        <line num="172" count="59" type="stmt"/>
        <line num="173" count="59" type="stmt"/>
        <line num="174" count="21" type="stmt"/>
        <line num="175" count="21" type="cond" truecount="2" falsecount="0"/>
        <line num="176" count="2" type="stmt"/>
        <line num="184" count="59" type="stmt"/>
        <line num="185" count="3" type="stmt"/>
        <line num="188" count="59" type="stmt"/>
        <line num="190" count="2" type="cond" truecount="1" falsecount="1"/>
        <line num="195" count="59" type="stmt"/>
        <line num="197" count="38" type="cond" truecount="2" falsecount="0"/>
        <line num="206" count="59" type="stmt"/>
        <line num="208" count="59" type="stmt"/>
        <line num="209" count="0" type="cond" truecount="0" falsecount="2"/>
        <line num="210" count="0" type="stmt"/>
        <line num="217" count="59" type="stmt"/>
        <line num="257" count="67" type="stmt"/>
        <line num="258" count="67" type="stmt"/>
        <line num="260" count="67" type="cond" truecount="3" falsecount="0"/>
        <line num="261" count="67" type="stmt"/>
        <line num="263" count="67" type="stmt"/>
        <line num="264" count="67" type="cond" truecount="2" falsecount="0"/>
        <line num="266" count="67" type="stmt"/>
        <line num="268" count="67" type="cond" truecount="3" falsecount="1"/>
        <line num="270" count="67" type="cond" truecount="2" falsecount="0"/>
        <line num="273" count="67" type="cond" truecount="3" falsecount="0"/>
        <line num="274" count="67" type="cond" truecount="2" falsecount="0"/>
        <line num="276" count="67" type="cond" truecount="2" falsecount="0"/>
        <line num="277" count="67" type="cond" truecount="2" falsecount="0"/>
        <line num="279" count="67" type="stmt"/>
        <line num="307" count="1" type="stmt"/>
        <line num="335" count="1" type="stmt"/>
        <line num="382" count="16" type="stmt"/>
        <line num="402" count="16" type="stmt"/>
      </file>
      <file name="SignUpScreen.tsx" path="/Users/edwardchan/Desktop/CS7180/ClutterCut/src/renderer/src/screens/SignUpScreen.tsx">
        <metrics statements="35" coveredstatements="33" conditionals="20" coveredconditionals="19" methods="5" coveredmethods="4"/>
        <line num="6" count="26" type="stmt"/>
        <line num="7" count="26" type="stmt"/>
        <line num="8" count="26" type="stmt"/>
        <line num="9" count="26" type="stmt"/>
        <line num="10" count="26" type="stmt"/>
        <line num="11" count="26" type="stmt"/>
        <line num="13" count="26" type="stmt"/>
        <line num="14" count="6" type="stmt"/>
        <line num="15" count="6" type="stmt"/>
        <line num="16" count="6" type="stmt"/>
        <line num="18" count="6" type="cond" truecount="4" falsecount="0"/>
        <line num="19" count="1" type="stmt"/>
        <line num="20" count="1" type="stmt"/>
        <line num="23" count="5" type="stmt"/>
        <line num="24" count="5" type="cond" truecount="2" falsecount="0"/>
        <line num="25" count="1" type="stmt"/>
        <line num="26" count="1" type="stmt"/>
        <line num="29" count="4" type="cond" truecount="2" falsecount="0"/>
        <line num="30" count="1" type="stmt"/>
        <line num="31" count="1" type="stmt"/>
        <line num="34" count="3" type="stmt"/>
        <line num="36" count="3" type="stmt"/>
        <line num="38" count="3" type="stmt"/>
        <line num="40" count="3" type="cond" truecount="2" falsecount="0"/>
        <line num="41" count="1" type="cond" truecount="1" falsecount="1"/>
        <line num="42" count="1" type="stmt"/>
        <line num="44" count="0" type="stmt"/>
        <line num="46" count="1" type="stmt"/>
        <line num="51" count="2" type="cond" truecount="2" falsecount="0"/>
        <line num="52" count="1" type="stmt"/>
        <line num="54" count="1" type="stmt"/>
        <line num="58" count="26" type="stmt"/>
        <line num="78" count="5" type="stmt"/>
        <line num="92" count="5" type="stmt"/>
        <line num="116" count="0" type="stmt"/>
      </file>
      <file name="SuccessScreen.tsx" path="/Users/edwardchan/Desktop/CS7180/ClutterCut/src/renderer/src/screens/SuccessScreen.tsx">
        <metrics statements="22" coveredstatements="13" conditionals="20" coveredconditionals="10" methods="5" coveredmethods="3"/>
        <line num="10" count="3" type="stmt"/>
        <line num="11" count="3" type="stmt"/>
        <line num="12" count="3" type="stmt"/>
        <line num="13" count="3" type="cond" truecount="2" falsecount="0"/>
        <line num="14" count="3" type="stmt"/>
        <line num="17" count="3" type="stmt"/>
        <line num="18" count="3" type="cond" truecount="2" falsecount="0"/>
        <line num="19" count="1" type="stmt"/>
        <line num="20" count="1" type="cond" truecount="1" falsecount="1"/>
        <line num="21" count="0" type="stmt"/>
        <line num="22" count="0" type="stmt"/>
        <line num="23" count="0" type="cond" truecount="0" falsecount="4"/>
        <line num="24" count="0" type="stmt"/>
        <line num="25" count="0" type="stmt"/>
        <line num="26" count="0" type="cond" truecount="0" falsecount="4"/>
        <line num="27" count="0" type="stmt"/>
        <line num="34" count="3" type="stmt"/>
        <line num="36" count="3" type="stmt"/>
        <line num="72" count="0" type="stmt"/>
        <line num="92" count="0" type="stmt"/>
        <line num="108" count="1" type="stmt"/>
        <line num="115" count="1" type="stmt"/>
      </file>
    </package>
    <package name="renderer.src.utils">
      <metrics statements="27" coveredstatements="15" conditionals="18" coveredconditionals="13" methods="1" coveredmethods="1"/>
      <file name="formatErrorMessage.tsx" path="/Users/edwardchan/Desktop/CS7180/ClutterCut/src/renderer/src/utils/formatErrorMessage.tsx">
        <metrics statements="27" coveredstatements="15" conditionals="18" coveredconditionals="13" methods="1" coveredmethods="1"/>
        <line num="4" count="28" type="stmt"/>
        <line num="6" count="28" type="cond" truecount="4" falsecount="0"/>
        <line num="7" count="4" type="stmt"/>
        <line num="8" count="24" type="cond" truecount="2" falsecount="0"/>
        <line num="9" count="4" type="stmt"/>
        <line num="10" count="20" type="cond" truecount="1" falsecount="1"/>
        <line num="11" count="0" type="stmt"/>
        <line num="12" count="20" type="cond" truecount="2" falsecount="0"/>
        <line num="13" count="10" type="stmt"/>
        <line num="14" count="10" type="cond" truecount="1" falsecount="1"/>
        <line num="15" count="0" type="stmt"/>
        <line num="16" count="10" type="cond" truecount="1" falsecount="1"/>
        <line num="17" count="0" type="stmt"/>
        <line num="21" count="28" type="stmt"/>
        <line num="24" count="28" type="stmt"/>
        <line num="26" count="28" type="cond" truecount="1" falsecount="1"/>
        <line num="27" count="0" type="stmt"/>
        <line num="28" count="0" type="stmt"/>
        <line num="29" count="0" type="stmt"/>
        <line num="30" count="0" type="stmt"/>
        <line num="32" count="0" type="stmt"/>
        <line num="48" count="28" type="cond" truecount="1" falsecount="1"/>
        <line num="49" count="0" type="stmt"/>
        <line num="50" count="0" type="stmt"/>
        <line num="51" count="0" type="stmt"/>
        <line num="53" count="0" type="stmt"/>
        <line num="68" count="28" type="stmt"/>
      </file>
    </package>
  </project>
</coverage>
