{"/Users/edwardchan/Desktop/CS7180/ClutterCut/src/main/services/executionService.ts": {"path":"/Users/edwardchan/Desktop/CS7180/ClutterCut/src/main/services/executionService.ts","statementMap":{"0":{"start":{"line":11,"column":2},"end":{"line":23,"column":null}},"1":{"start":{"line":12,"column":4},"end":{"line":22,"column":null}},"2":{"start":{"line":13,"column":18},"end":{"line":13,"column":null}},"3":{"start":{"line":14,"column":22},"end":{"line":14,"column":null}},"4":{"start":{"line":15,"column":6},"end":{"line":17,"column":null}},"5":{"start":{"line":16,"column":8},"end":{"line":16,"column":null}},"6":{"start":{"line":18,"column":4},"end":{"line":22,"column":null}},"7":{"start":{"line":19,"column":6},"end":{"line":21,"column":null}},"8":{"start":{"line":20,"column":8},"end":{"line":20,"column":null}},"9":{"start":{"line":24,"column":2},"end":{"line":24,"column":null}},"10":{"start":{"line":32,"column":32},"end":{"line":32,"column":null}},"11":{"start":{"line":34,"column":41},"end":{"line":41,"column":null}},"12":{"start":{"line":43,"column":2},"end":{"line":132,"column":null}},"13":{"start":{"line":45,"column":20},"end":{"line":45,"column":null}},"14":{"start":{"line":46,"column":21},"end":{"line":46,"column":null}},"15":{"start":{"line":46,"column":40},"end":{"line":46,"column":46}},"16":{"start":{"line":46,"column":65},"end":{"line":46,"column":86}},"17":{"start":{"line":47,"column":4},"end":{"line":47,"column":null}},"18":{"start":{"line":49,"column":24},"end":{"line":49,"column":null}},"19":{"start":{"line":49,"column":46},"end":{"line":49,"column":83}},"20":{"start":{"line":52,"column":27},"end":{"line":52,"column":null}},"21":{"start":{"line":53,"column":28},"end":{"line":53,"column":null}},"22":{"start":{"line":55,"column":4},"end":{"line":106,"column":null}},"23":{"start":{"line":56,"column":20},"end":{"line":56,"column":null}},"24":{"start":{"line":57,"column":6},"end":{"line":105,"column":null}},"25":{"start":{"line":58,"column":27},"end":{"line":58,"column":null}},"26":{"start":{"line":59,"column":27},"end":{"line":59,"column":null}},"27":{"start":{"line":60,"column":31},"end":{"line":60,"column":null}},"28":{"start":{"line":62,"column":8},"end":{"line":104,"column":null}},"29":{"start":{"line":64,"column":10},"end":{"line":64,"column":null}},"30":{"start":{"line":67,"column":28},"end":{"line":67,"column":null}},"31":{"start":{"line":68,"column":29},"end":{"line":68,"column":null}},"32":{"start":{"line":69,"column":24},"end":{"line":69,"column":null}},"33":{"start":{"line":71,"column":10},"end":{"line":84,"column":null}},"34":{"start":{"line":72,"column":12},"end":{"line":83,"column":null}},"35":{"start":{"line":73,"column":14},"end":{"line":73,"column":null}},"36":{"start":{"line":75,"column":26},"end":{"line":75,"column":null}},"37":{"start":{"line":76,"column":27},"end":{"line":76,"column":null}},"38":{"start":{"line":77,"column":14},"end":{"line":77,"column":null}},"39":{"start":{"line":78,"column":14},"end":{"line":78,"column":null}},"40":{"start":{"line":79,"column":14},"end":{"line":79,"column":null}},"41":{"start":{"line":82,"column":14},"end":{"line":82,"column":null}},"42":{"start":{"line":87,"column":10},"end":{"line":87,"column":null}},"43":{"start":{"line":89,"column":10},"end":{"line":89,"column":null}},"44":{"start":{"line":91,"column":10},"end":{"line":93,"column":null}},"45":{"start":{"line":92,"column":12},"end":{"line":92,"column":null}},"46":{"start":{"line":94,"column":10},"end":{"line":94,"column":null}},"47":{"start":{"line":96,"column":10},"end":{"line":96,"column":null}},"48":{"start":{"line":98,"column":10},"end":{"line":98,"column":null}},"49":{"start":{"line":99,"column":10},"end":{"line":99,"column":null}},"50":{"start":{"line":100,"column":10},"end":{"line":103,"column":null}},"51":{"start":{"line":110,"column":25},"end":{"line":110,"column":null}},"52":{"start":{"line":111,"column":61},"end":{"line":111,"column":null}},"53":{"start":{"line":113,"column":4},"end":{"line":123,"column":null}},"54":{"start":{"line":114,"column":6},"end":{"line":114,"column":null}},"55":{"start":{"line":114,"column":38},"end":{"line":114,"column":null}},"56":{"start":{"line":116,"column":6},"end":{"line":122,"column":null}},"57":{"start":{"line":118,"column":8},"end":{"line":118,"column":null}},"58":{"start":{"line":121,"column":8},"end":{"line":121,"column":null}},"59":{"start":{"line":125,"column":4},"end":{"line":125,"column":null}},"60":{"start":{"line":127,"column":4},"end":{"line":127,"column":null}},"61":{"start":{"line":128,"column":4},"end":{"line":131,"column":null}},"62":{"start":{"line":134,"column":2},"end":{"line":134,"column":null}}},"fnMap":{"0":{"name":"computeFileMatch","decl":{"start":{"line":10,"column":16},"end":{"line":10,"column":33}},"loc":{"start":{"line":10,"column":79},"end":{"line":25,"column":null}},"line":10},"1":{"name":"executeRules","decl":{"start":{"line":31,"column":22},"end":{"line":31,"column":35}},"loc":{"start":{"line":31,"column":92},"end":{"line":135,"column":null}},"line":31},"2":{"name":"(anonymous_2)","decl":{"start":{"line":46,"column":33},"end":{"line":46,"column":34}},"loc":{"start":{"line":46,"column":40},"end":{"line":46,"column":46}},"line":46},"3":{"name":"(anonymous_3)","decl":{"start":{"line":46,"column":55},"end":{"line":46,"column":56}},"loc":{"start":{"line":46,"column":65},"end":{"line":46,"column":86}},"line":46},"4":{"name":"(anonymous_4)","decl":{"start":{"line":49,"column":39},"end":{"line":49,"column":40}},"loc":{"start":{"line":49,"column":46},"end":{"line":49,"column":83}},"line":49}},"branchMap":{"0":{"loc":{"start":{"line":12,"column":4},"end":{"line":22,"column":null}},"type":"if","locations":[{"start":{"line":12,"column":4},"end":{"line":22,"column":null}},{"start":{"line":18,"column":4},"end":{"line":22,"column":null}}],"line":12},"1":{"loc":{"start":{"line":15,"column":6},"end":{"line":17,"column":null}},"type":"if","locations":[{"start":{"line":15,"column":6},"end":{"line":17,"column":null}},{"start":{},"end":{}}],"line":15},"2":{"loc":{"start":{"line":18,"column":4},"end":{"line":22,"column":null}},"type":"if","locations":[{"start":{"line":18,"column":4},"end":{"line":22,"column":null}},{"start":{},"end":{}}],"line":18},"3":{"loc":{"start":{"line":19,"column":6},"end":{"line":21,"column":null}},"type":"if","locations":[{"start":{"line":19,"column":6},"end":{"line":21,"column":null}},{"start":{},"end":{}}],"line":19},"4":{"loc":{"start":{"line":49,"column":46},"end":{"line":49,"column":83}},"type":"binary-expr","locations":[{"start":{"line":49,"column":46},"end":{"line":49,"column":60}},{"start":{"line":49,"column":60},"end":{"line":49,"column":83}}],"line":49},"5":{"loc":{"start":{"line":57,"column":6},"end":{"line":105,"column":null}},"type":"if","locations":[{"start":{"line":57,"column":6},"end":{"line":105,"column":null}},{"start":{},"end":{}}],"line":57},"6":{"loc":{"start":{"line":91,"column":10},"end":{"line":93,"column":null}},"type":"if","locations":[{"start":{"line":91,"column":10},"end":{"line":93,"column":null}},{"start":{},"end":{}}],"line":91},"7":{"loc":{"start":{"line":102,"column":20},"end":{"line":102,"column":null}},"type":"cond-expr","locations":[{"start":{"line":102,"column":43},"end":{"line":102,"column":57}},{"start":{"line":102,"column":57},"end":{"line":102,"column":null}}],"line":102},"8":{"loc":{"start":{"line":114,"column":6},"end":{"line":114,"column":null}},"type":"if","locations":[{"start":{"line":114,"column":6},"end":{"line":114,"column":null}},{"start":{},"end":{}}],"line":114},"9":{"loc":{"start":{"line":116,"column":6},"end":{"line":122,"column":null}},"type":"if","locations":[{"start":{"line":116,"column":6},"end":{"line":122,"column":null}},{"start":{"line":119,"column":13},"end":{"line":122,"column":null}}],"line":116},"10":{"loc":{"start":{"line":116,"column":10},"end":{"line":116,"column":65}},"type":"binary-expr","locations":[{"start":{"line":116,"column":10},"end":{"line":116,"column":33}},{"start":{"line":116,"column":33},"end":{"line":116,"column":65}}],"line":116},"11":{"loc":{"start":{"line":130,"column":14},"end":{"line":130,"column":null}},"type":"cond-expr","locations":[{"start":{"line":130,"column":37},"end":{"line":130,"column":51}},{"start":{"line":130,"column":51},"end":{"line":130,"column":null}}],"line":130}},"s":{"0":5,"1":6,"2":5,"3":5,"4":5,"5":4,"6":1,"7":1,"8":0,"9":1,"10":3,"11":3,"12":3,"13":3,"14":3,"15":6,"16":6,"17":3,"18":3,"19":6,"20":3,"21":3,"22":3,"23":5,"24":5,"25":4,"26":4,"27":4,"28":4,"29":4,"30":4,"31":4,"32":4,"33":4,"34":5,"35":5,"36":1,"37":1,"38":1,"39":1,"40":1,"41":4,"42":4,"43":3,"44":3,"45":3,"46":3,"47":3,"48":1,"49":1,"50":1,"51":3,"52":3,"53":3,"54":5,"55":0,"56":5,"57":2,"58":3,"59":3,"60":0,"61":0,"62":3},"f":{"0":5,"1":3,"2":6,"3":6,"4":6},"b":{"0":[5,1],"1":[4,1],"2":[1,0],"3":[0,1],"4":[6,6],"5":[4,1],"6":[3,0],"7":[1,0],"8":[0,5],"9":[2,3],"10":[5,2],"11":[0,0]},"meta":{"lastBranch":12,"lastFunction":5,"lastStatement":63,"seen":{"f:10:16:10:33":0,"s:11:2:23:Infinity":0,"b:12:4:22:Infinity:18:4:22:Infinity":0,"s:12:4:22:Infinity":1,"s:13:18:13:Infinity":2,"s:14:22:14:Infinity":3,"b:15:6:17:Infinity:undefined:undefined:undefined:undefined":1,"s:15:6:17:Infinity":4,"s:16:8:16:Infinity":5,"b:18:4:22:Infinity:undefined:undefined:undefined:undefined":2,"s:18:4:22:Infinity":6,"b:19:6:21:Infinity:undefined:undefined:undefined:undefined":3,"s:19:6:21:Infinity":7,"s:20:8:20:Infinity":8,"s:24:2:24:Infinity":9,"f:31:22:31:35":1,"s:32:32:32:Infinity":10,"s:34:41:41:Infinity":11,"s:43:2:132:Infinity":12,"s:45:20:45:Infinity":13,"s:46:21:46:Infinity":14,"f:46:33:46:34":2,"s:46:40:46:46":15,"f:46:55:46:56":3,"s:46:65:46:86":16,"s:47:4:47:Infinity":17,"s:49:24:49:Infinity":18,"f:49:39:49:40":4,"s:49:46:49:83":19,"b:49:46:49:60:49:60:49:83":4,"s:52:27:52:Infinity":20,"s:53:28:53:Infinity":21,"s:55:4:106:Infinity":22,"s:56:20:56:Infinity":23,"b:57:6:105:Infinity:undefined:undefined:undefined:undefined":5,"s:57:6:105:Infinity":24,"s:58:27:58:Infinity":25,"s:59:27:59:Infinity":26,"s:60:31:60:Infinity":27,"s:62:8:104:Infinity":28,"s:64:10:64:Infinity":29,"s:67:28:67:Infinity":30,"s:68:29:68:Infinity":31,"s:69:24:69:Infinity":32,"s:71:10:84:Infinity":33,"s:72:12:83:Infinity":34,"s:73:14:73:Infinity":35,"s:75:26:75:Infinity":36,"s:76:27:76:Infinity":37,"s:77:14:77:Infinity":38,"s:78:14:78:Infinity":39,"s:79:14:79:Infinity":40,"s:82:14:82:Infinity":41,"s:87:10:87:Infinity":42,"s:89:10:89:Infinity":43,"b:91:10:93:Infinity:undefined:undefined:undefined:undefined":6,"s:91:10:93:Infinity":44,"s:92:12:92:Infinity":45,"s:94:10:94:Infinity":46,"s:96:10:96:Infinity":47,"s:98:10:98:Infinity":48,"s:99:10:99:Infinity":49,"s:100:10:103:Infinity":50,"b:102:43:102:57:102:57:102:Infinity":7,"s:110:25:110:Infinity":51,"s:111:61:111:Infinity":52,"s:113:4:123:Infinity":53,"b:114:6:114:Infinity:undefined:undefined:undefined:undefined":8,"s:114:6:114:Infinity":54,"s:114:38:114:Infinity":55,"b:116:6:122:Infinity:119:13:122:Infinity":9,"s:116:6:122:Infinity":56,"b:116:10:116:33:116:33:116:65":10,"s:118:8:118:Infinity":57,"s:121:8:121:Infinity":58,"s:125:4:125:Infinity":59,"s:127:4:127:Infinity":60,"s:128:4:131:Infinity":61,"b:130:37:130:51:130:51:130:Infinity":11,"s:134:2:134:Infinity":62}}}
,"/Users/edwardchan/Desktop/CS7180/ClutterCut/src/main/services/folderService.ts": {"path":"/Users/edwardchan/Desktop/CS7180/ClutterCut/src/main/services/folderService.ts","statementMap":{"0":{"start":{"line":14,"column":17},"end":{"line":16,"column":null}},"1":{"start":{"line":18,"column":2},"end":{"line":20,"column":null}},"2":{"start":{"line":19,"column":4},"end":{"line":19,"column":null}},"3":{"start":{"line":22,"column":2},"end":{"line":22,"column":null}},"4":{"start":{"line":32,"column":2},"end":{"line":48,"column":null}},"5":{"start":{"line":33,"column":20},"end":{"line":33,"column":null}},"6":{"start":{"line":34,"column":18},"end":{"line":36,"column":null}},"7":{"start":{"line":35,"column":21},"end":{"line":35,"column":44}},"8":{"start":{"line":36,"column":19},"end":{"line":36,"column":56}},"9":{"start":{"line":37,"column":4},"end":{"line":37,"column":null}},"10":{"start":{"line":39,"column":18},"end":{"line":39,"column":null}},"11":{"start":{"line":40,"column":4},"end":{"line":45,"column":null}},"12":{"start":{"line":41,"column":6},"end":{"line":44,"column":null}},"13":{"start":{"line":46,"column":20},"end":{"line":46,"column":null}},"14":{"start":{"line":47,"column":4},"end":{"line":47,"column":null}}},"fnMap":{"0":{"name":"selectFolder","decl":{"start":{"line":13,"column":22},"end":{"line":13,"column":35}},"loc":{"start":{"line":13,"column":89},"end":{"line":23,"column":null}},"line":13},"1":{"name":"readFolder","decl":{"start":{"line":31,"column":22},"end":{"line":31,"column":33}},"loc":{"start":{"line":31,"column":86},"end":{"line":49,"column":null}},"line":31},"2":{"name":"(anonymous_2)","decl":{"start":{"line":35,"column":14},"end":{"line":35,"column":15}},"loc":{"start":{"line":35,"column":21},"end":{"line":35,"column":44}},"line":35},"3":{"name":"(anonymous_3)","decl":{"start":{"line":36,"column":11},"end":{"line":36,"column":12}},"loc":{"start":{"line":36,"column":19},"end":{"line":36,"column":56}},"line":36}},"branchMap":{"0":{"loc":{"start":{"line":18,"column":2},"end":{"line":20,"column":null}},"type":"if","locations":[{"start":{"line":18,"column":2},"end":{"line":20,"column":null}},{"start":{},"end":{}}],"line":18},"1":{"loc":{"start":{"line":18,"column":6},"end":{"line":18,"column":56}},"type":"binary-expr","locations":[{"start":{"line":18,"column":6},"end":{"line":18,"column":25}},{"start":{"line":18,"column":25},"end":{"line":18,"column":56}}],"line":18},"2":{"loc":{"start":{"line":40,"column":4},"end":{"line":45,"column":null}},"type":"if","locations":[{"start":{"line":40,"column":4},"end":{"line":45,"column":null}},{"start":{},"end":{}}],"line":40},"3":{"loc":{"start":{"line":40,"column":8},"end":{"line":40,"column":47}},"type":"binary-expr","locations":[{"start":{"line":40,"column":8},"end":{"line":40,"column":29}},{"start":{"line":40,"column":29},"end":{"line":40,"column":47}}],"line":40},"4":{"loc":{"start":{"line":46,"column":20},"end":{"line":46,"column":null}},"type":"cond-expr","locations":[{"start":{"line":46,"column":43},"end":{"line":46,"column":57}},{"start":{"line":46,"column":57},"end":{"line":46,"column":null}}],"line":46}},"s":{"0":2,"1":2,"2":1,"3":1,"4":6,"5":6,"6":3,"7":7,"8":5,"9":3,"10":3,"11":3,"12":2,"13":1,"14":3},"f":{"0":2,"1":6,"2":7,"3":5},"b":{"0":[1,1],"1":[2,1],"2":[2,1],"3":[3,2],"4":[1,0]},"meta":{"lastBranch":5,"lastFunction":4,"lastStatement":15,"seen":{"f:13:22:13:35":0,"s:14:17:16:Infinity":0,"b:18:2:20:Infinity:undefined:undefined:undefined:undefined":0,"s:18:2:20:Infinity":1,"b:18:6:18:25:18:25:18:56":1,"s:19:4:19:Infinity":2,"s:22:2:22:Infinity":3,"f:31:22:31:33":1,"s:32:2:48:Infinity":4,"s:33:20:33:Infinity":5,"s:34:18:36:Infinity":6,"f:35:14:35:15":2,"s:35:21:35:44":7,"f:36:11:36:12":3,"s:36:19:36:56":8,"s:37:4:37:Infinity":9,"s:39:18:39:Infinity":10,"b:40:4:45:Infinity:undefined:undefined:undefined:undefined":2,"s:40:4:45:Infinity":11,"b:40:8:40:29:40:29:40:47":3,"s:41:6:44:Infinity":12,"s:46:20:46:Infinity":13,"b:46:43:46:57:46:57:46:Infinity":4,"s:47:4:47:Infinity":14}}}
,"/Users/edwardchan/Desktop/CS7180/ClutterCut/src/main/services/offlineQueueService.ts": {"path":"/Users/edwardchan/Desktop/CS7180/ClutterCut/src/main/services/offlineQueueService.ts","statementMap":{"0":{"start":{"line":2,"column":31},"end":{"line":2,"column":null}},"1":{"start":{"line":6,"column":24},"end":{"line":6,"column":null}},"2":{"start":{"line":10,"column":23},"end":{"line":10,"column":null}},"3":{"start":{"line":11,"column":2},"end":{"line":11,"column":null}},"4":{"start":{"line":15,"column":20},"end":{"line":15,"column":null}},"5":{"start":{"line":16,"column":34},"end":{"line":16,"column":null}},"6":{"start":{"line":18,"column":2},"end":{"line":27,"column":null}},"7":{"start":{"line":19,"column":17},"end":{"line":19,"column":null}},"8":{"start":{"line":20,"column":4},"end":{"line":20,"column":null}},"9":{"start":{"line":23,"column":4},"end":{"line":26,"column":null}},"10":{"start":{"line":24,"column":6},"end":{"line":24,"column":null}},"11":{"start":{"line":25,"column":6},"end":{"line":25,"column":null}},"12":{"start":{"line":29,"column":2},"end":{"line":29,"column":null}},"13":{"start":{"line":31,"column":2},"end":{"line":31,"column":null}},"14":{"start":{"line":35,"column":20},"end":{"line":35,"column":null}},"15":{"start":{"line":36,"column":2},"end":{"line":45,"column":null}},"16":{"start":{"line":37,"column":17},"end":{"line":37,"column":null}},"17":{"start":{"line":38,"column":4},"end":{"line":38,"column":null}},"18":{"start":{"line":40,"column":4},"end":{"line":42,"column":null}},"19":{"start":{"line":41,"column":6},"end":{"line":41,"column":null}},"20":{"start":{"line":43,"column":4},"end":{"line":43,"column":null}},"21":{"start":{"line":44,"column":4},"end":{"line":44,"column":null}},"22":{"start":{"line":49,"column":20},"end":{"line":49,"column":null}},"23":{"start":{"line":50,"column":2},"end":{"line":62,"column":null}},"24":{"start":{"line":51,"column":17},"end":{"line":51,"column":null}},"25":{"start":{"line":52,"column":36},"end":{"line":52,"column":null}},"26":{"start":{"line":54,"column":4},"end":{"line":54,"column":null}},"27":{"start":{"line":54,"column":48},"end":{"line":54,"column":64}},"28":{"start":{"line":56,"column":4},"end":{"line":56,"column":null}},"29":{"start":{"line":58,"column":4},"end":{"line":61,"column":null}},"30":{"start":{"line":59,"column":6},"end":{"line":59,"column":null}},"31":{"start":{"line":60,"column":6},"end":{"line":60,"column":null}}},"fnMap":{"0":{"name":"getQueueFilePath","decl":{"start":{"line":8,"column":9},"end":{"line":8,"column":36}},"loc":{"start":{"line":8,"column":36},"end":{"line":12,"column":null}},"line":8},"1":{"name":"enqueueRun","decl":{"start":{"line":14,"column":22},"end":{"line":14,"column":33}},"loc":{"start":{"line":14,"column":64},"end":{"line":32,"column":null}},"line":14},"2":{"name":"getPendingRuns","decl":{"start":{"line":34,"column":22},"end":{"line":34,"column":61}},"loc":{"start":{"line":34,"column":61},"end":{"line":46,"column":null}},"line":34},"3":{"name":"removeRun","decl":{"start":{"line":48,"column":22},"end":{"line":48,"column":32}},"loc":{"start":{"line":48,"column":62},"end":{"line":63,"column":null}},"line":48},"4":{"name":"(anonymous_4)","decl":{"start":{"line":54,"column":39},"end":{"line":54,"column":40}},"loc":{"start":{"line":54,"column":48},"end":{"line":54,"column":64}},"line":54}},"branchMap":{"0":{"loc":{"start":{"line":23,"column":4},"end":{"line":26,"column":null}},"type":"if","locations":[{"start":{"line":23,"column":4},"end":{"line":26,"column":null}},{"start":{},"end":{}}],"line":23},"1":{"loc":{"start":{"line":40,"column":4},"end":{"line":42,"column":null}},"type":"if","locations":[{"start":{"line":40,"column":4},"end":{"line":42,"column":null}},{"start":{},"end":{}}],"line":40},"2":{"loc":{"start":{"line":58,"column":4},"end":{"line":61,"column":null}},"type":"if","locations":[{"start":{"line":58,"column":4},"end":{"line":61,"column":null}},{"start":{},"end":{}}],"line":58}},"s":{"0":1,"1":1,"2":6,"3":6,"4":2,"5":2,"6":2,"7":2,"8":1,"9":1,"10":0,"11":0,"12":2,"13":2,"14":2,"15":2,"16":2,"17":1,"18":1,"19":1,"20":0,"21":0,"22":2,"23":2,"24":2,"25":1,"26":1,"27":2,"28":1,"29":1,"30":0,"31":0},"f":{"0":6,"1":2,"2":2,"3":2,"4":2},"b":{"0":[0,1],"1":[1,0],"2":[0,1]},"meta":{"lastBranch":3,"lastFunction":5,"lastStatement":32,"seen":{"s:2:31:2:Infinity":0,"s:6:24:6:Infinity":1,"f:8:9:8:36":0,"s:10:23:10:Infinity":2,"s:11:2:11:Infinity":3,"f:14:22:14:33":1,"s:15:20:15:Infinity":4,"s:16:34:16:Infinity":5,"s:18:2:27:Infinity":6,"s:19:17:19:Infinity":7,"s:20:4:20:Infinity":8,"b:23:4:26:Infinity:undefined:undefined:undefined:undefined":0,"s:23:4:26:Infinity":9,"s:24:6:24:Infinity":10,"s:25:6:25:Infinity":11,"s:29:2:29:Infinity":12,"s:31:2:31:Infinity":13,"f:34:22:34:61":2,"s:35:20:35:Infinity":14,"s:36:2:45:Infinity":15,"s:37:17:37:Infinity":16,"s:38:4:38:Infinity":17,"b:40:4:42:Infinity:undefined:undefined:undefined:undefined":1,"s:40:4:42:Infinity":18,"s:41:6:41:Infinity":19,"s:43:4:43:Infinity":20,"s:44:4:44:Infinity":21,"f:48:22:48:32":3,"s:49:20:49:Infinity":22,"s:50:2:62:Infinity":23,"s:51:17:51:Infinity":24,"s:52:36:52:Infinity":25,"s:54:4:54:Infinity":26,"f:54:39:54:40":4,"s:54:48:54:64":27,"s:56:4:56:Infinity":28,"b:58:4:61:Infinity:undefined:undefined:undefined:undefined":2,"s:58:4:61:Infinity":29,"s:59:6:59:Infinity":30,"s:60:6:60:Infinity":31}}}
,"/Users/edwardchan/Desktop/CS7180/ClutterCut/src/main/services/ruleService.ts": {"path":"/Users/edwardchan/Desktop/CS7180/ClutterCut/src/main/services/ruleService.ts","statementMap":{"0":{"start":{"line":15,"column":21},"end":{"line":15,"column":null}},"1":{"start":{"line":17,"column":2},"end":{"line":19,"column":null}},"2":{"start":{"line":18,"column":4},"end":{"line":18,"column":null}},"3":{"start":{"line":21,"column":18},"end":{"line":21,"column":null}},"4":{"start":{"line":22,"column":2},"end":{"line":22,"column":null}},"5":{"start":{"line":36,"column":30},"end":{"line":36,"column":null}},"6":{"start":{"line":38,"column":2},"end":{"line":40,"column":null}},"7":{"start":{"line":39,"column":4},"end":{"line":39,"column":null}},"8":{"start":{"line":42,"column":2},"end":{"line":42,"column":null}}},"fnMap":{"0":{"name":"matchesExtension","decl":{"start":{"line":14,"column":16},"end":{"line":14,"column":33}},"loc":{"start":{"line":14,"column":73},"end":{"line":23,"column":null}},"line":14},"1":{"name":"matchesNameContains","decl":{"start":{"line":35,"column":16},"end":{"line":35,"column":36}},"loc":{"start":{"line":35,"column":82},"end":{"line":43,"column":null}},"line":35}},"branchMap":{"0":{"loc":{"start":{"line":17,"column":2},"end":{"line":19,"column":null}},"type":"if","locations":[{"start":{"line":17,"column":2},"end":{"line":19,"column":null}},{"start":{},"end":{}}],"line":17},"1":{"loc":{"start":{"line":38,"column":2},"end":{"line":40,"column":null}},"type":"if","locations":[{"start":{"line":38,"column":2},"end":{"line":40,"column":null}},{"start":{},"end":{}}],"line":38}},"s":{"0":11,"1":11,"2":3,"3":8,"4":8,"5":9,"6":9,"7":2,"8":7},"f":{"0":11,"1":9},"b":{"0":[3,8],"1":[2,7]},"meta":{"lastBranch":2,"lastFunction":2,"lastStatement":9,"seen":{"f:14:16:14:33":0,"s:15:21:15:Infinity":0,"b:17:2:19:Infinity:undefined:undefined:undefined:undefined":0,"s:17:2:19:Infinity":1,"s:18:4:18:Infinity":2,"s:21:18:21:Infinity":3,"s:22:2:22:Infinity":4,"f:35:16:35:36":1,"s:36:30:36:Infinity":5,"b:38:2:40:Infinity:undefined:undefined:undefined:undefined":1,"s:38:2:40:Infinity":6,"s:39:4:39:Infinity":7,"s:42:2:42:Infinity":8}}}
,"/Users/edwardchan/Desktop/CS7180/ClutterCut/src/main/services/undoService.ts": {"path":"/Users/edwardchan/Desktop/CS7180/ClutterCut/src/main/services/undoService.ts","statementMap":{"0":{"start":{"line":15,"column":24},"end":{"line":15,"column":null}},"1":{"start":{"line":17,"column":2},"end":{"line":32,"column":null}},"2":{"start":{"line":18,"column":17},"end":{"line":18,"column":null}},"3":{"start":{"line":19,"column":4},"end":{"line":31,"column":null}},"4":{"start":{"line":20,"column":6},"end":{"line":30,"column":null}},"5":{"start":{"line":22,"column":8},"end":{"line":29,"column":null}},"6":{"start":{"line":23,"column":10},"end":{"line":25,"column":null}},"7":{"start":{"line":24,"column":12},"end":{"line":24,"column":null}},"8":{"start":{"line":26,"column":10},"end":{"line":28,"column":null}},"9":{"start":{"line":27,"column":12},"end":{"line":27,"column":null}},"10":{"start":{"line":34,"column":2},"end":{"line":34,"column":null}},"11":{"start":{"line":42,"column":18},"end":{"line":42,"column":null}},"12":{"start":{"line":43,"column":21},"end":{"line":43,"column":null}},"13":{"start":{"line":44,"column":24},"end":{"line":44,"column":null}},"14":{"start":{"line":46,"column":36},"end":{"line":51,"column":null}},"15":{"start":{"line":53,"column":2},"end":{"line":115,"column":null}},"16":{"start":{"line":54,"column":4},"end":{"line":56,"column":null}},"17":{"start":{"line":55,"column":6},"end":{"line":55,"column":null}},"18":{"start":{"line":58,"column":26},"end":{"line":58,"column":null}},"19":{"start":{"line":60,"column":4},"end":{"line":108,"column":null}},"20":{"start":{"line":61,"column":6},"end":{"line":61,"column":null}},"21":{"start":{"line":63,"column":6},"end":{"line":107,"column":null}},"22":{"start":{"line":64,"column":27},"end":{"line":64,"column":null}},"23":{"start":{"line":65,"column":25},"end":{"line":65,"column":null}},"24":{"start":{"line":67,"column":8},"end":{"line":106,"column":null}},"25":{"start":{"line":69,"column":10},"end":{"line":69,"column":null}},"26":{"start":{"line":74,"column":28},"end":{"line":74,"column":null}},"27":{"start":{"line":75,"column":30},"end":{"line":75,"column":null}},"28":{"start":{"line":76,"column":24},"end":{"line":76,"column":null}},"29":{"start":{"line":78,"column":10},"end":{"line":91,"column":null}},"30":{"start":{"line":79,"column":12},"end":{"line":90,"column":null}},"31":{"start":{"line":80,"column":14},"end":{"line":80,"column":null}},"32":{"start":{"line":82,"column":26},"end":{"line":82,"column":null}},"33":{"start":{"line":83,"column":27},"end":{"line":83,"column":null}},"34":{"start":{"line":84,"column":14},"end":{"line":84,"column":null}},"35":{"start":{"line":85,"column":14},"end":{"line":85,"column":null}},"36":{"start":{"line":86,"column":14},"end":{"line":86,"column":null}},"37":{"start":{"line":89,"column":14},"end":{"line":89,"column":null}},"38":{"start":{"line":93,"column":10},"end":{"line":93,"column":null}},"39":{"start":{"line":94,"column":10},"end":{"line":94,"column":null}},"40":{"start":{"line":96,"column":10},"end":{"line":96,"column":null}},"41":{"start":{"line":97,"column":10},"end":{"line":105,"column":null}},"42":{"start":{"line":110,"column":4},"end":{"line":110,"column":null}},"43":{"start":{"line":111,"column":4},"end":{"line":114,"column":null}},"44":{"start":{"line":117,"column":2},"end":{"line":117,"column":null}}},"fnMap":{"0":{"name":"extractMovedFiles","decl":{"start":{"line":12,"column":9},"end":{"line":12,"column":null}},"loc":{"start":{"line":14,"column":25},"end":{"line":35,"column":null}},"line":14},"1":{"name":"undoRun","decl":{"start":{"line":41,"column":22},"end":{"line":41,"column":30}},"loc":{"start":{"line":41,"column":77},"end":{"line":118,"column":null}},"line":41}},"branchMap":{"0":{"loc":{"start":{"line":20,"column":6},"end":{"line":30,"column":null}},"type":"if","locations":[{"start":{"line":20,"column":6},"end":{"line":30,"column":null}},{"start":{},"end":{}}],"line":20},"1":{"loc":{"start":{"line":20,"column":10},"end":{"line":20,"column":77}},"type":"binary-expr","locations":[{"start":{"line":20,"column":10},"end":{"line":20,"column":38}},{"start":{"line":20,"column":38},"end":{"line":20,"column":55}},{"start":{"line":20,"column":55},"end":{"line":20,"column":77}}],"line":20},"2":{"loc":{"start":{"line":23,"column":10},"end":{"line":25,"column":null}},"type":"if","locations":[{"start":{"line":23,"column":10},"end":{"line":25,"column":null}},{"start":{},"end":{}}],"line":23},"3":{"loc":{"start":{"line":26,"column":10},"end":{"line":28,"column":null}},"type":"if","locations":[{"start":{"line":26,"column":10},"end":{"line":28,"column":null}},{"start":{},"end":{}}],"line":26},"4":{"loc":{"start":{"line":54,"column":4},"end":{"line":56,"column":null}},"type":"if","locations":[{"start":{"line":54,"column":4},"end":{"line":56,"column":null}},{"start":{},"end":{}}],"line":54},"5":{"loc":{"start":{"line":54,"column":8},"end":{"line":54,"column":67}},"type":"binary-expr","locations":[{"start":{"line":54,"column":8},"end":{"line":54,"column":26}},{"start":{"line":54,"column":26},"end":{"line":54,"column":67}}],"line":54},"6":{"loc":{"start":{"line":100,"column":14},"end":{"line":104,"column":null}},"type":"cond-expr","locations":[{"start":{"line":101,"column":18},"end":{"line":101,"column":null}},{"start":{"line":102,"column":18},"end":{"line":104,"column":null}}],"line":100},"7":{"loc":{"start":{"line":100,"column":14},"end":{"line":100,"column":null}},"type":"binary-expr","locations":[{"start":{"line":100,"column":14},"end":{"line":100,"column":38}},{"start":{"line":100,"column":38},"end":{"line":100,"column":55}},{"start":{"line":100,"column":55},"end":{"line":100,"column":null}}],"line":100},"8":{"loc":{"start":{"line":102,"column":18},"end":{"line":104,"column":null}},"type":"cond-expr","locations":[{"start":{"line":103,"column":20},"end":{"line":103,"column":null}},{"start":{"line":104,"column":20},"end":{"line":104,"column":null}}],"line":102},"9":{"loc":{"start":{"line":113,"column":14},"end":{"line":113,"column":null}},"type":"cond-expr","locations":[{"start":{"line":113,"column":37},"end":{"line":113,"column":51}},{"start":{"line":113,"column":51},"end":{"line":113,"column":null}}],"line":113}},"s":{"0":2,"1":2,"2":2,"3":2,"4":4,"5":3,"6":3,"7":3,"8":3,"9":3,"10":2,"11":2,"12":2,"13":2,"14":2,"15":2,"16":2,"17":0,"18":2,"19":2,"20":3,"21":3,"22":4,"23":4,"24":4,"25":4,"26":3,"27":3,"28":3,"29":3,"30":3,"31":3,"32":0,"33":0,"34":0,"35":0,"36":0,"37":3,"38":3,"39":3,"40":1,"41":1,"42":0,"43":0,"44":2},"f":{"0":2,"1":2},"b":{"0":[3,1],"1":[4,3,3],"2":[3,0],"3":[3,0],"4":[0,2],"5":[2,2],"6":[1,0],"7":[1,1,1],"8":[0,0],"9":[0,0]},"meta":{"lastBranch":10,"lastFunction":2,"lastStatement":45,"seen":{"f:12:9:12:Infinity":0,"s:15:24:15:Infinity":0,"s:17:2:32:Infinity":1,"s:18:17:18:Infinity":2,"s:19:4:31:Infinity":3,"b:20:6:30:Infinity:undefined:undefined:undefined:undefined":0,"s:20:6:30:Infinity":4,"b:20:10:20:38:20:38:20:55:20:55:20:77":1,"s:22:8:29:Infinity":5,"b:23:10:25:Infinity:undefined:undefined:undefined:undefined":2,"s:23:10:25:Infinity":6,"s:24:12:24:Infinity":7,"b:26:10:28:Infinity:undefined:undefined:undefined:undefined":3,"s:26:10:28:Infinity":8,"s:27:12:27:Infinity":9,"s:34:2:34:Infinity":10,"f:41:22:41:30":1,"s:42:18:42:Infinity":11,"s:43:21:43:Infinity":12,"s:44:24:44:Infinity":13,"s:46:36:51:Infinity":14,"s:53:2:115:Infinity":15,"b:54:4:56:Infinity:undefined:undefined:undefined:undefined":4,"s:54:4:56:Infinity":16,"b:54:8:54:26:54:26:54:67":5,"s:55:6:55:Infinity":17,"s:58:26:58:Infinity":18,"s:60:4:108:Infinity":19,"s:61:6:61:Infinity":20,"s:63:6:107:Infinity":21,"s:64:27:64:Infinity":22,"s:65:25:65:Infinity":23,"s:67:8:106:Infinity":24,"s:69:10:69:Infinity":25,"s:74:28:74:Infinity":26,"s:75:30:75:Infinity":27,"s:76:24:76:Infinity":28,"s:78:10:91:Infinity":29,"s:79:12:90:Infinity":30,"s:80:14:80:Infinity":31,"s:82:26:82:Infinity":32,"s:83:27:83:Infinity":33,"s:84:14:84:Infinity":34,"s:85:14:85:Infinity":35,"s:86:14:86:Infinity":36,"s:89:14:89:Infinity":37,"s:93:10:93:Infinity":38,"s:94:10:94:Infinity":39,"s:96:10:96:Infinity":40,"s:97:10:105:Infinity":41,"b:101:18:101:Infinity:102:18:104:Infinity":6,"b:100:14:100:38:100:38:100:55:100:55:100:Infinity":7,"b:103:20:103:Infinity:104:20:104:Infinity":8,"s:110:4:110:Infinity":42,"s:111:4:114:Infinity":43,"b:113:37:113:51:113:51:113:Infinity":9,"s:117:2:117:Infinity":44}}}
,"/Users/edwardchan/Desktop/CS7180/ClutterCut/src/renderer/src/App.tsx": {"path":"/Users/edwardchan/Desktop/CS7180/ClutterCut/src/renderer/src/App.tsx","statementMap":{"0":{"start":{"line":16,"column":27},"end":{"line":16,"column":null}},"1":{"start":{"line":17,"column":2},"end":{"line":17,"column":null}},"2":{"start":{"line":19,"column":2},"end":{"line":28,"column":null}},"3":{"start":{"line":20,"column":4},"end":{"line":26,"column":null}},"4":{"start":{"line":30,"column":2},"end":{"line":55,"column":null}},"5":{"start":{"line":60,"column":2},"end":{"line":65,"column":null}}},"fnMap":{"0":{"name":"AppRoutes","decl":{"start":{"line":15,"column":16},"end":{"line":15,"column":47}},"loc":{"start":{"line":15,"column":47},"end":{"line":57,"column":null}},"line":15},"1":{"name":"App","decl":{"start":{"line":59,"column":9},"end":{"line":59,"column":34}},"loc":{"start":{"line":59,"column":34},"end":{"line":67,"column":null}},"line":59}},"branchMap":{"0":{"loc":{"start":{"line":19,"column":2},"end":{"line":28,"column":null}},"type":"if","locations":[{"start":{"line":19,"column":2},"end":{"line":28,"column":null}},{"start":{},"end":{}}],"line":19},"1":{"loc":{"start":{"line":34,"column":17},"end":{"line":34,"column":null}},"type":"cond-expr","locations":[{"start":{"line":34,"column":27},"end":{"line":34,"column":65}},{"start":{"line":34,"column":65},"end":{"line":34,"column":null}}],"line":34},"2":{"loc":{"start":{"line":38,"column":17},"end":{"line":38,"column":null}},"type":"cond-expr","locations":[{"start":{"line":38,"column":27},"end":{"line":38,"column":65}},{"start":{"line":38,"column":65},"end":{"line":38,"column":null}}],"line":38},"3":{"loc":{"start":{"line":54,"column":45},"end":{"line":54,"column":79}},"type":"cond-expr","locations":[{"start":{"line":54,"column":55},"end":{"line":54,"column":69}},{"start":{"line":54,"column":69},"end":{"line":54,"column":79}}],"line":54}},"s":{"0":24,"1":24,"2":24,"3":16,"4":8,"5":2},"f":{"0":24,"1":2},"b":{"0":[16,8],"1":[4,4],"2":[4,4],"3":[4,4]},"meta":{"lastBranch":4,"lastFunction":2,"lastStatement":6,"seen":{"f:15:16:15:47":0,"s:16:27:16:Infinity":0,"s:17:2:17:Infinity":1,"b:19:2:28:Infinity:undefined:undefined:undefined:undefined":0,"s:19:2:28:Infinity":2,"s:20:4:26:Infinity":3,"s:30:2:55:Infinity":4,"b:34:27:34:65:34:65:34:Infinity":1,"b:38:27:38:65:38:65:38:Infinity":2,"b:54:55:54:69:54:69:54:79":3,"f:59:9:59:34":1,"s:60:2:65:Infinity":5}}}
,"/Users/edwardchan/Desktop/CS7180/ClutterCut/src/renderer/src/components/HistoryEntry.tsx": {"path":"/Users/edwardchan/Desktop/CS7180/ClutterCut/src/renderer/src/components/HistoryEntry.tsx","statementMap":{"0":{"start":{"line":11,"column":2},"end":{"line":13,"column":null}},"1":{"start":{"line":12,"column":4},"end":{"line":12,"column":null}},"2":{"start":{"line":15,"column":22},"end":{"line":15,"column":null}},"3":{"start":{"line":17,"column":2},"end":{"line":19,"column":null}},"4":{"start":{"line":18,"column":4},"end":{"line":18,"column":null}},"5":{"start":{"line":22,"column":22},"end":{"line":87,"column":null}},"6":{"start":{"line":23,"column":18},"end":{"line":23,"column":null}},"7":{"start":{"line":23,"column":38},"end":{"line":23,"column":59}},"8":{"start":{"line":24,"column":20},"end":{"line":24,"column":null}},"9":{"start":{"line":24,"column":40},"end":{"line":24,"column":75}},"10":{"start":{"line":29,"column":4},"end":{"line":85,"column":null}},"11":{"start":{"line":32,"column":10},"end":{"line":45,"column":null}},"12":{"start":{"line":48,"column":10},"end":{"line":83,"column":null}},"13":{"start":{"line":49,"column":30},"end":{"line":51,"column":null}},"14":{"start":{"line":50,"column":39},"end":{"line":50,"column":60}},"15":{"start":{"line":52,"column":12},"end":{"line":81,"column":null}},"16":{"start":{"line":89,"column":2},"end":{"line":96,"column":null}},"17":{"start":{"line":92,"column":8},"end":{"line":94,"column":null}},"18":{"start":{"line":109,"column":48},"end":{"line":109,"column":null}},"19":{"start":{"line":110,"column":36},"end":{"line":110,"column":null}},"20":{"start":{"line":111,"column":42},"end":{"line":111,"column":null}},"21":{"start":{"line":113,"column":26},"end":{"line":121,"column":null}},"22":{"start":{"line":114,"column":4},"end":{"line":120,"column":null}},"23":{"start":{"line":115,"column":23},"end":{"line":115,"column":null}},"24":{"start":{"line":116,"column":6},"end":{"line":116,"column":null}},"25":{"start":{"line":117,"column":6},"end":{"line":117,"column":null}},"26":{"start":{"line":123,"column":15},"end":{"line":123,"column":null}},"27":{"start":{"line":124,"column":24},"end":{"line":124,"column":null}},"28":{"start":{"line":125,"column":24},"end":{"line":129,"column":null}},"29":{"start":{"line":131,"column":2},"end":{"line":472,"column":null}},"30":{"start":{"line":176,"column":16},"end":{"line":176,"column":null}},"31":{"start":{"line":177,"column":16},"end":{"line":177,"column":null}},"32":{"start":{"line":235,"column":20},"end":{"line":239,"column":null}},"33":{"start":{"line":241,"column":18},"end":{"line":267,"column":null}},"34":{"start":{"line":325,"column":31},"end":{"line":325,"column":null}},"35":{"start":{"line":409,"column":22},"end":{"line":412,"column":null}},"36":{"start":{"line":427,"column":22},"end":{"line":445,"column":null}},"37":{"start":{"line":461,"column":18},"end":{"line":461,"column":null}}},"fnMap":{"0":{"name":"SnapshotTree","decl":{"start":{"line":9,"column":9},"end":{"line":9,"column":22}},"loc":{"start":{"line":9,"column":78},"end":{"line":98,"column":null}},"line":9},"1":{"name":"(anonymous_1)","decl":{"start":{"line":22,"column":22},"end":{"line":22,"column":23}},"loc":{"start":{"line":22,"column":77},"end":{"line":87,"column":null}},"line":22},"2":{"name":"(anonymous_2)","decl":{"start":{"line":23,"column":31},"end":{"line":23,"column":32}},"loc":{"start":{"line":23,"column":38},"end":{"line":23,"column":59}},"line":23},"3":{"name":"(anonymous_3)","decl":{"start":{"line":24,"column":33},"end":{"line":24,"column":34}},"loc":{"start":{"line":24,"column":40},"end":{"line":24,"column":75}},"line":24},"4":{"name":"(anonymous_4)","decl":{"start":{"line":31,"column":19},"end":{"line":31,"column":20}},"loc":{"start":{"line":32,"column":10},"end":{"line":45,"column":null}},"line":32},"5":{"name":"(anonymous_5)","decl":{"start":{"line":47,"column":21},"end":{"line":47,"column":22}},"loc":{"start":{"line":48,"column":10},"end":{"line":83,"column":null}},"line":48},"6":{"name":"(anonymous_6)","decl":{"start":{"line":48,"column":40},"end":{"line":48,"column":41}},"loc":{"start":{"line":48,"column":71},"end":{"line":83,"column":11}},"line":48},"7":{"name":"(anonymous_7)","decl":{"start":{"line":50,"column":32},"end":{"line":50,"column":33}},"loc":{"start":{"line":50,"column":39},"end":{"line":50,"column":60}},"line":50},"8":{"name":"(anonymous_8)","decl":{"start":{"line":91,"column":38},"end":{"line":91,"column":39}},"loc":{"start":{"line":92,"column":8},"end":{"line":94,"column":null}},"line":92},"9":{"name":"HistoryEntry","decl":{"start":{"line":100,"column":16},"end":{"line":100,"column":29}},"loc":{"start":{"line":108,"column":22},"end":{"line":474,"column":null}},"line":108},"10":{"name":"(anonymous_10)","decl":{"start":{"line":113,"column":26},"end":{"line":113,"column":53}},"loc":{"start":{"line":113,"column":53},"end":{"line":121,"column":null}},"line":113},"11":{"name":"(anonymous_11)","decl":{"start":{"line":175,"column":23},"end":{"line":175,"column":24}},"loc":{"start":{"line":175,"column":30},"end":{"line":178,"column":null}},"line":175},"12":{"name":"(anonymous_12)","decl":{"start":{"line":233,"column":43},"end":{"line":233,"column":44}},"loc":{"start":{"line":233,"column":58},"end":{"line":269,"column":17}},"line":233},"13":{"name":"(anonymous_13)","decl":{"start":{"line":325,"column":25},"end":{"line":325,"column":31}},"loc":{"start":{"line":325,"column":31},"end":{"line":325,"column":null}},"line":325},"14":{"name":"(anonymous_14)","decl":{"start":{"line":408,"column":50},"end":{"line":408,"column":51}},"loc":{"start":{"line":409,"column":22},"end":{"line":412,"column":null}},"line":409},"15":{"name":"(anonymous_15)","decl":{"start":{"line":426,"column":52},"end":{"line":426,"column":53}},"loc":{"start":{"line":427,"column":22},"end":{"line":445,"column":null}},"line":427},"16":{"name":"(anonymous_16)","decl":{"start":{"line":460,"column":25},"end":{"line":460,"column":31}},"loc":{"start":{"line":460,"column":31},"end":{"line":464,"column":null}},"line":460}},"branchMap":{"0":{"loc":{"start":{"line":11,"column":2},"end":{"line":13,"column":null}},"type":"if","locations":[{"start":{"line":11,"column":2},"end":{"line":13,"column":null}},{"start":{},"end":{}}],"line":11},"1":{"loc":{"start":{"line":11,"column":6},"end":{"line":11,"column":49}},"type":"binary-expr","locations":[{"start":{"line":11,"column":6},"end":{"line":11,"column":19}},{"start":{"line":11,"column":19},"end":{"line":11,"column":49}}],"line":11},"2":{"loc":{"start":{"line":17,"column":2},"end":{"line":19,"column":null}},"type":"if","locations":[{"start":{"line":17,"column":2},"end":{"line":19,"column":null}},{"start":{},"end":{}}],"line":17},"3":{"loc":{"start":{"line":22,"column":46},"end":{"line":22,"column":77}},"type":"default-arg","locations":[{"start":{"line":22,"column":54},"end":{"line":22,"column":77}}],"line":22},"4":{"loc":{"start":{"line":24,"column":40},"end":{"line":24,"column":75}},"type":"binary-expr","locations":[{"start":{"line":24,"column":40},"end":{"line":24,"column":65}},{"start":{"line":24,"column":65},"end":{"line":24,"column":75}}],"line":24},"5":{"loc":{"start":{"line":49,"column":30},"end":{"line":51,"column":null}},"type":"cond-expr","locations":[{"start":{"line":50,"column":16},"end":{"line":50,"column":null}},{"start":{"line":51,"column":16},"end":{"line":51,"column":null}}],"line":49},"6":{"loc":{"start":{"line":74,"column":19},"end":{"line":77,"column":null}},"type":"binary-expr","locations":[{"start":{"line":74,"column":19},"end":{"line":74,"column":null}},{"start":{"line":75,"column":20},"end":{"line":77,"column":null}}],"line":74},"7":{"loc":{"start":{"line":76,"column":40},"end":{"line":76,"column":67}},"type":"cond-expr","locations":[{"start":{"line":76,"column":58},"end":{"line":76,"column":64}},{"start":{"line":76,"column":64},"end":{"line":76,"column":67}}],"line":76},"8":{"loc":{"start":{"line":80,"column":17},"end":{"line":80,"column":null}},"type":"binary-expr","locations":[{"start":{"line":80,"column":17},"end":{"line":80,"column":44}},{"start":{"line":80,"column":44},"end":{"line":80,"column":null}}],"line":80},"9":{"loc":{"start":{"line":93,"column":11},"end":{"line":93,"column":null}},"type":"binary-expr","locations":[{"start":{"line":93,"column":11},"end":{"line":93,"column":37}},{"start":{"line":93,"column":37},"end":{"line":93,"column":null}}],"line":93},"10":{"loc":{"start":{"line":146,"column":40},"end":{"line":146,"column":76}},"type":"cond-expr","locations":[{"start":{"line":146,"column":67},"end":{"line":146,"column":73}},{"start":{"line":146,"column":73},"end":{"line":146,"column":76}}],"line":146},"11":{"loc":{"start":{"line":149,"column":13},"end":{"line":152,"column":null}},"type":"binary-expr","locations":[{"start":{"line":149,"column":13},"end":{"line":149,"column":null}},{"start":{"line":150,"column":14},"end":{"line":152,"column":null}}],"line":149},"12":{"loc":{"start":{"line":154,"column":13},"end":{"line":157,"column":null}},"type":"binary-expr","locations":[{"start":{"line":154,"column":13},"end":{"line":154,"column":null}},{"start":{"line":155,"column":14},"end":{"line":157,"column":null}}],"line":154},"13":{"loc":{"start":{"line":159,"column":13},"end":{"line":162,"column":null}},"type":"binary-expr","locations":[{"start":{"line":159,"column":13},"end":{"line":159,"column":null}},{"start":{"line":160,"column":14},"end":{"line":162,"column":null}}],"line":159},"14":{"loc":{"start":{"line":170,"column":11},"end":{"line":195,"column":null}},"type":"binary-expr","locations":[{"start":{"line":170,"column":11},"end":{"line":170,"column":27}},{"start":{"line":170,"column":27},"end":{"line":170,"column":null}},{"start":{"line":171,"column":12},"end":{"line":195,"column":null}}],"line":170},"15":{"loc":{"start":{"line":204,"column":24},"end":{"line":204,"column":null}},"type":"cond-expr","locations":[{"start":{"line":204,"column":37},"end":{"line":204,"column":58}},{"start":{"line":204,"column":58},"end":{"line":204,"column":null}}],"line":204},"16":{"loc":{"start":{"line":207,"column":70},"end":{"line":207,"column":100}},"type":"cond-expr","locations":[{"start":{"line":207,"column":83},"end":{"line":207,"column":98}},{"start":{"line":207,"column":98},"end":{"line":207,"column":100}}],"line":207},"17":{"loc":{"start":{"line":224,"column":7},"end":{"line":293,"column":null}},"type":"binary-expr","locations":[{"start":{"line":224,"column":7},"end":{"line":224,"column":null}},{"start":{"line":225,"column":8},"end":{"line":293,"column":null}}],"line":224},"18":{"loc":{"start":{"line":227,"column":11},"end":{"line":271,"column":null}},"type":"binary-expr","locations":[{"start":{"line":227,"column":11},"end":{"line":227,"column":39}},{"start":{"line":227,"column":39},"end":{"line":227,"column":null}},{"start":{"line":228,"column":12},"end":{"line":271,"column":null}}],"line":227},"19":{"loc":{"start":{"line":235,"column":20},"end":{"line":239,"column":null}},"type":"cond-expr","locations":[{"start":{"line":236,"column":24},"end":{"line":236,"column":null}},{"start":{"line":237,"column":24},"end":{"line":239,"column":null}}],"line":235},"20":{"loc":{"start":{"line":237,"column":24},"end":{"line":239,"column":null}},"type":"cond-expr","locations":[{"start":{"line":238,"column":26},"end":{"line":238,"column":null}},{"start":{"line":239,"column":26},"end":{"line":239,"column":null}}],"line":237},"21":{"loc":{"start":{"line":297,"column":7},"end":{"line":340,"column":null}},"type":"binary-expr","locations":[{"start":{"line":297,"column":7},"end":{"line":297,"column":28}},{"start":{"line":297,"column":28},"end":{"line":297,"column":null}},{"start":{"line":298,"column":8},"end":{"line":340,"column":null}}],"line":297},"22":{"loc":{"start":{"line":311,"column":17},"end":{"line":311,"column":53}},"type":"cond-expr","locations":[{"start":{"line":311,"column":44},"end":{"line":311,"column":50}},{"start":{"line":311,"column":50},"end":{"line":311,"column":53}}],"line":311},"23":{"loc":{"start":{"line":315,"column":15},"end":{"line":318,"column":null}},"type":"binary-expr","locations":[{"start":{"line":315,"column":15},"end":{"line":315,"column":null}},{"start":{"line":316,"column":16},"end":{"line":318,"column":null}}],"line":315},"24":{"loc":{"start":{"line":336,"column":17},"end":{"line":336,"column":null}},"type":"cond-expr","locations":[{"start":{"line":336,"column":29},"end":{"line":336,"column":44}},{"start":{"line":336,"column":44},"end":{"line":336,"column":null}}],"line":336},"25":{"loc":{"start":{"line":344,"column":7},"end":{"line":470,"column":null}},"type":"binary-expr","locations":[{"start":{"line":344,"column":7},"end":{"line":344,"column":null}},{"start":{"line":345,"column":8},"end":{"line":470,"column":null}}],"line":344},"26":{"loc":{"start":{"line":357,"column":17},"end":{"line":390,"column":null}},"type":"cond-expr","locations":[{"start":{"line":358,"column":18},"end":{"line":373,"column":null}},{"start":{"line":375,"column":18},"end":{"line":390,"column":null}}],"line":357},"27":{"loc":{"start":{"line":395,"column":17},"end":{"line":395,"column":67}},"type":"cond-expr","locations":[{"start":{"line":395,"column":58},"end":{"line":395,"column":64}},{"start":{"line":395,"column":64},"end":{"line":395,"column":67}}],"line":395},"28":{"loc":{"start":{"line":401,"column":15},"end":{"line":415,"column":null}},"type":"binary-expr","locations":[{"start":{"line":401,"column":15},"end":{"line":401,"column":null}},{"start":{"line":402,"column":16},"end":{"line":415,"column":null}}],"line":401},"29":{"loc":{"start":{"line":419,"column":15},"end":{"line":452,"column":null}},"type":"binary-expr","locations":[{"start":{"line":419,"column":15},"end":{"line":419,"column":null}},{"start":{"line":420,"column":16},"end":{"line":452,"column":null}}],"line":419}},"s":{"0":4,"1":0,"2":4,"3":4,"4":0,"5":4,"6":6,"7":6,"8":6,"9":6,"10":6,"11":4,"12":2,"13":2,"14":2,"15":2,"16":4,"17":4,"18":19,"19":19,"20":19,"21":19,"22":2,"23":2,"24":2,"25":2,"26":19,"27":19,"28":19,"29":19,"30":3,"31":3,"32":2,"33":2,"34":1,"35":1,"36":2,"37":0},"f":{"0":4,"1":6,"2":6,"3":6,"4":4,"5":2,"6":2,"7":2,"8":4,"9":19,"10":2,"11":3,"12":2,"13":1,"14":1,"15":2,"16":0},"b":{"0":[0,4],"1":[4,4],"2":[0,4],"3":[6],"4":[6,2],"5":[2,0],"6":[2,2],"7":[0,2],"8":[2,2],"9":[4,4],"10":[19,0],"11":[19,1],"12":[19,2],"13":[19,2],"14":[19,18,16],"15":[2,17],"16":[2,17],"17":[19,2],"18":[2,2,2],"19":[2,0],"20":[0,0],"21":[19,3,3],"22":[3,0],"23":[3,0],"24":[0,3],"25":[19,2],"26":[1,1],"27":[0,2],"28":[2,1],"29":[2,2]},"meta":{"lastBranch":30,"lastFunction":17,"lastStatement":38,"seen":{"f:9:9:9:22":0,"b:11:2:13:Infinity:undefined:undefined:undefined:undefined":0,"s:11:2:13:Infinity":0,"b:11:6:11:19:11:19:11:49":1,"s:12:4:12:Infinity":1,"s:15:22:15:Infinity":2,"b:17:2:19:Infinity:undefined:undefined:undefined:undefined":2,"s:17:2:19:Infinity":3,"s:18:4:18:Infinity":4,"s:22:22:87:Infinity":5,"f:22:22:22:23":1,"b:22:54:22:77":3,"s:23:18:23:Infinity":6,"f:23:31:23:32":2,"s:23:38:23:59":7,"s:24:20:24:Infinity":8,"f:24:33:24:34":3,"s:24:40:24:75":9,"b:24:40:24:65:24:65:24:75":4,"s:29:4:85:Infinity":10,"f:31:19:31:20":4,"s:32:10:45:Infinity":11,"f:47:21:47:22":5,"s:48:10:83:Infinity":12,"f:48:40:48:41":6,"s:49:30:51:Infinity":13,"b:50:16:50:Infinity:51:16:51:Infinity":5,"f:50:32:50:33":7,"s:50:39:50:60":14,"s:52:12:81:Infinity":15,"b:74:19:74:Infinity:75:20:77:Infinity":6,"b:76:58:76:64:76:64:76:67":7,"b:80:17:80:44:80:44:80:Infinity":8,"s:89:2:96:Infinity":16,"f:91:38:91:39":8,"s:92:8:94:Infinity":17,"b:93:11:93:37:93:37:93:Infinity":9,"f:100:16:100:29":9,"s:109:48:109:Infinity":18,"s:110:36:110:Infinity":19,"s:111:42:111:Infinity":20,"s:113:26:121:Infinity":21,"f:113:26:113:53":10,"s:114:4:120:Infinity":22,"s:115:23:115:Infinity":23,"s:116:6:116:Infinity":24,"s:117:6:117:Infinity":25,"s:123:15:123:Infinity":26,"s:124:24:124:Infinity":27,"s:125:24:129:Infinity":28,"s:131:2:472:Infinity":29,"b:146:67:146:73:146:73:146:76":10,"b:149:13:149:Infinity:150:14:152:Infinity":11,"b:154:13:154:Infinity:155:14:157:Infinity":12,"b:159:13:159:Infinity:160:14:162:Infinity":13,"b:170:11:170:27:170:27:170:Infinity:171:12:195:Infinity":14,"f:175:23:175:24":11,"s:176:16:176:Infinity":30,"s:177:16:177:Infinity":31,"b:204:37:204:58:204:58:204:Infinity":15,"b:207:83:207:98:207:98:207:100":16,"b:224:7:224:Infinity:225:8:293:Infinity":17,"b:227:11:227:39:227:39:227:Infinity:228:12:271:Infinity":18,"f:233:43:233:44":12,"s:235:20:239:Infinity":32,"b:236:24:236:Infinity:237:24:239:Infinity":19,"b:238:26:238:Infinity:239:26:239:Infinity":20,"s:241:18:267:Infinity":33,"b:297:7:297:28:297:28:297:Infinity:298:8:340:Infinity":21,"b:311:44:311:50:311:50:311:53":22,"b:315:15:315:Infinity:316:16:318:Infinity":23,"f:325:25:325:31":13,"s:325:31:325:Infinity":34,"b:336:29:336:44:336:44:336:Infinity":24,"b:344:7:344:Infinity:345:8:470:Infinity":25,"b:358:18:373:Infinity:375:18:390:Infinity":26,"b:395:58:395:64:395:64:395:67":27,"b:401:15:401:Infinity:402:16:415:Infinity":28,"f:408:50:408:51":14,"s:409:22:412:Infinity":35,"b:419:15:419:Infinity:420:16:452:Infinity":29,"f:426:52:426:53":15,"s:427:22:445:Infinity":36,"f:460:25:460:31":16,"s:461:18:461:Infinity":37}}}
,"/Users/edwardchan/Desktop/CS7180/ClutterCut/src/renderer/src/components/ProtectedRoute.tsx": {"path":"/Users/edwardchan/Desktop/CS7180/ClutterCut/src/renderer/src/components/ProtectedRoute.tsx","statementMap":{"0":{"start":{"line":17,"column":18},"end":{"line":17,"column":null}},"1":{"start":{"line":18,"column":27},"end":{"line":18,"column":null}},"2":{"start":{"line":20,"column":2},"end":{"line":22,"column":null}},"3":{"start":{"line":21,"column":4},"end":{"line":21,"column":null}},"4":{"start":{"line":24,"column":2},"end":{"line":26,"column":null}},"5":{"start":{"line":25,"column":4},"end":{"line":25,"column":null}},"6":{"start":{"line":28,"column":2},"end":{"line":30,"column":null}},"7":{"start":{"line":29,"column":4},"end":{"line":29,"column":null}},"8":{"start":{"line":32,"column":2},"end":{"line":32,"column":null}}},"fnMap":{"0":{"name":"ProtectedRoute","decl":{"start":{"line":16,"column":16},"end":{"line":16,"column":31}},"loc":{"start":{"line":16,"column":92},"end":{"line":33,"column":null}},"line":16}},"branchMap":{"0":{"loc":{"start":{"line":20,"column":2},"end":{"line":22,"column":null}},"type":"if","locations":[{"start":{"line":20,"column":2},"end":{"line":22,"column":null}},{"start":{},"end":{}}],"line":20},"1":{"loc":{"start":{"line":24,"column":2},"end":{"line":26,"column":null}},"type":"if","locations":[{"start":{"line":24,"column":2},"end":{"line":26,"column":null}},{"start":{},"end":{}}],"line":24},"2":{"loc":{"start":{"line":28,"column":2},"end":{"line":30,"column":null}},"type":"if","locations":[{"start":{"line":28,"column":2},"end":{"line":30,"column":null}},{"start":{},"end":{}}],"line":28}},"s":{"0":8,"1":8,"2":8,"3":2,"4":6,"5":2,"6":4,"7":2,"8":2},"f":{"0":8},"b":{"0":[2,6],"1":[2,4],"2":[2,2]},"meta":{"lastBranch":3,"lastFunction":1,"lastStatement":9,"seen":{"f:16:16:16:31":0,"s:17:18:17:Infinity":0,"s:18:27:18:Infinity":1,"b:20:2:22:Infinity:undefined:undefined:undefined:undefined":0,"s:20:2:22:Infinity":2,"s:21:4:21:Infinity":3,"b:24:2:26:Infinity:undefined:undefined:undefined:undefined":1,"s:24:2:26:Infinity":4,"s:25:4:25:Infinity":5,"b:28:2:30:Infinity:undefined:undefined:undefined:undefined":2,"s:28:2:30:Infinity":6,"s:29:4:29:Infinity":7,"s:32:2:32:Infinity":8}}}
,"/Users/edwardchan/Desktop/CS7180/ClutterCut/src/renderer/src/context/GuestContext.tsx": {"path":"/Users/edwardchan/Desktop/CS7180/ClutterCut/src/renderer/src/context/GuestContext.tsx","statementMap":{"0":{"start":{"line":8,"column":13},"end":{"line":11,"column":null}},"1":{"start":{"line":14,"column":8},"end":{"line":14,"column":null}},"2":{"start":{"line":15,"column":2},"end":{"line":17,"column":null}},"3":{"start":{"line":16,"column":4},"end":{"line":16,"column":null}},"4":{"start":{"line":18,"column":2},"end":{"line":18,"column":null}}},"fnMap":{"0":{"name":"(anonymous_0)","decl":{"start":{"line":10,"column":14},"end":{"line":10,"column":20}},"loc":{"start":{"line":10,"column":20},"end":{"line":10,"column":null}},"line":10},"1":{"name":"useGuest","decl":{"start":{"line":13,"column":16},"end":{"line":13,"column":46}},"loc":{"start":{"line":13,"column":46},"end":{"line":19,"column":null}},"line":13}},"branchMap":{"0":{"loc":{"start":{"line":15,"column":2},"end":{"line":17,"column":null}},"type":"if","locations":[{"start":{"line":15,"column":2},"end":{"line":17,"column":null}},{"start":{},"end":{}}],"line":15}},"s":{"0":3,"1":22,"2":22,"3":0,"4":22},"f":{"0":0,"1":22},"b":{"0":[0,22]},"meta":{"lastBranch":1,"lastFunction":2,"lastStatement":5,"seen":{"s:8:13:11:Infinity":0,"f:10:14:10:20":0,"f:13:16:13:46":1,"s:14:8:14:Infinity":1,"b:15:2:17:Infinity:undefined:undefined:undefined:undefined":0,"s:15:2:17:Infinity":2,"s:16:4:16:Infinity":3,"s:18:2:18:Infinity":4}}}
,"/Users/edwardchan/Desktop/CS7180/ClutterCut/src/renderer/src/context/GuestProvider.tsx": {"path":"/Users/edwardchan/Desktop/CS7180/ClutterCut/src/renderer/src/context/GuestProvider.tsx","statementMap":{"0":{"start":{"line":9,"column":28},"end":{"line":9,"column":null}},"1":{"start":{"line":11,"column":2},"end":{"line":11,"column":null}}},"fnMap":{"0":{"name":"GuestProvider","decl":{"start":{"line":8,"column":16},"end":{"line":8,"column":30}},"loc":{"start":{"line":8,"column":83},"end":{"line":12,"column":null}},"line":8}},"branchMap":{},"s":{"0":16,"1":16},"f":{"0":16},"b":{},"meta":{"lastBranch":0,"lastFunction":1,"lastStatement":2,"seen":{"f:8:16:8:30":0,"s:9:28:9:Infinity":0,"s:11:2:11:Infinity":1}}}
,"/Users/edwardchan/Desktop/CS7180/ClutterCut/src/renderer/src/hooks/useAuth.ts": {"path":"/Users/edwardchan/Desktop/CS7180/ClutterCut/src/renderer/src/hooks/useAuth.ts","statementMap":{"0":{"start":{"line":11,"column":28},"end":{"line":11,"column":null}},"1":{"start":{"line":12,"column":28},"end":{"line":12,"column":null}},"2":{"start":{"line":14,"column":2},"end":{"line":30,"column":null}},"3":{"start":{"line":16,"column":4},"end":{"line":19,"column":null}},"4":{"start":{"line":17,"column":6},"end":{"line":17,"column":null}},"5":{"start":{"line":18,"column":6},"end":{"line":18,"column":null}},"6":{"start":{"line":24,"column":8},"end":{"line":27,"column":null}},"7":{"start":{"line":25,"column":6},"end":{"line":25,"column":null}},"8":{"start":{"line":26,"column":6},"end":{"line":26,"column":null}},"9":{"start":{"line":29,"column":4},"end":{"line":29,"column":null}},"10":{"start":{"line":29,"column":17},"end":{"line":29,"column":null}},"11":{"start":{"line":32,"column":2},"end":{"line":32,"column":null}}},"fnMap":{"0":{"name":"useAuth","decl":{"start":{"line":10,"column":16},"end":{"line":10,"column":37}},"loc":{"start":{"line":10,"column":37},"end":{"line":33,"column":null}},"line":10},"1":{"name":"(anonymous_1)","decl":{"start":{"line":14,"column":12},"end":{"line":14,"column":18}},"loc":{"start":{"line":14,"column":18},"end":{"line":30,"column":5}},"line":14},"2":{"name":"(anonymous_2)","decl":{"start":{"line":16,"column":36},"end":{"line":16,"column":37}},"loc":{"start":{"line":16,"column":63},"end":{"line":19,"column":5}},"line":16},"3":{"name":"(anonymous_3)","decl":{"start":{"line":24,"column":40},"end":{"line":24,"column":41}},"loc":{"start":{"line":24,"column":61},"end":{"line":27,"column":5}},"line":24},"4":{"name":"(anonymous_4)","decl":{"start":{"line":29,"column":11},"end":{"line":29,"column":17}},"loc":{"start":{"line":29,"column":17},"end":{"line":29,"column":null}},"line":29}},"branchMap":{},"s":{"0":49,"1":49,"2":49,"3":20,"4":20,"5":20,"6":20,"7":2,"8":2,"9":20,"10":20,"11":49},"f":{"0":49,"1":20,"2":20,"3":2,"4":20},"b":{},"meta":{"lastBranch":0,"lastFunction":5,"lastStatement":12,"seen":{"f:10:16:10:37":0,"s:11:28:11:Infinity":0,"s:12:28:12:Infinity":1,"s:14:2:30:Infinity":2,"f:14:12:14:18":1,"s:16:4:19:Infinity":3,"f:16:36:16:37":2,"s:17:6:17:Infinity":4,"s:18:6:18:Infinity":5,"s:24:8:27:Infinity":6,"f:24:40:24:41":3,"s:25:6:25:Infinity":7,"s:26:6:26:Infinity":8,"s:29:4:29:Infinity":9,"f:29:11:29:17":4,"s:29:17:29:Infinity":10,"s:32:2:32:Infinity":11}}}
,"/Users/edwardchan/Desktop/CS7180/ClutterCut/src/renderer/src/hooks/useFolderSelection.ts": {"path":"/Users/edwardchan/Desktop/CS7180/ClutterCut/src/renderer/src/hooks/useFolderSelection.ts","statementMap":{"0":{"start":{"line":20,"column":34},"end":{"line":20,"column":null}},"1":{"start":{"line":21,"column":24},"end":{"line":21,"column":null}},"2":{"start":{"line":22,"column":32},"end":{"line":22,"column":null}},"3":{"start":{"line":23,"column":24},"end":{"line":23,"column":null}},"4":{"start":{"line":25,"column":8},"end":{"line":53,"column":null}},"5":{"start":{"line":26,"column":4},"end":{"line":26,"column":null}},"6":{"start":{"line":27,"column":4},"end":{"line":27,"column":null}},"7":{"start":{"line":29,"column":4},"end":{"line":52,"column":null}},"8":{"start":{"line":30,"column":37},"end":{"line":30,"column":null}},"9":{"start":{"line":32,"column":6},"end":{"line":36,"column":null}},"10":{"start":{"line":34,"column":8},"end":{"line":34,"column":null}},"11":{"start":{"line":35,"column":8},"end":{"line":35,"column":null}},"12":{"start":{"line":38,"column":6},"end":{"line":38,"column":null}},"13":{"start":{"line":40,"column":51},"end":{"line":42,"column":null}},"14":{"start":{"line":44,"column":6},"end":{"line":49,"column":null}},"15":{"start":{"line":45,"column":8},"end":{"line":45,"column":null}},"16":{"start":{"line":46,"column":8},"end":{"line":46,"column":null}},"17":{"start":{"line":48,"column":8},"end":{"line":48,"column":null}},"18":{"start":{"line":51,"column":6},"end":{"line":51,"column":null}},"19":{"start":{"line":55,"column":2},"end":{"line":55,"column":null}}},"fnMap":{"0":{"name":"useFolderSelection","decl":{"start":{"line":19,"column":16},"end":{"line":19,"column":63}},"loc":{"start":{"line":19,"column":63},"end":{"line":56,"column":null}},"line":19},"1":{"name":"(anonymous_1)","decl":{"start":{"line":25,"column":35},"end":{"line":25,"column":62}},"loc":{"start":{"line":25,"column":62},"end":{"line":53,"column":5}},"line":25}},"branchMap":{"0":{"loc":{"start":{"line":32,"column":6},"end":{"line":36,"column":null}},"type":"if","locations":[{"start":{"line":32,"column":6},"end":{"line":36,"column":null}},{"start":{},"end":{}}],"line":32},"1":{"loc":{"start":{"line":44,"column":6},"end":{"line":49,"column":null}},"type":"if","locations":[{"start":{"line":44,"column":6},"end":{"line":49,"column":null}},{"start":{"line":47,"column":13},"end":{"line":49,"column":null}}],"line":44}},"s":{"0":17,"1":17,"2":17,"3":17,"4":17,"5":4,"6":4,"7":4,"8":4,"9":4,"10":1,"11":1,"12":3,"13":3,"14":3,"15":1,"16":1,"17":2,"18":4,"19":17},"f":{"0":17,"1":4},"b":{"0":[1,3],"1":[1,2]},"meta":{"lastBranch":2,"lastFunction":2,"lastStatement":20,"seen":{"f:19:16:19:63":0,"s:20:34:20:Infinity":0,"s:21:24:21:Infinity":1,"s:22:32:22:Infinity":2,"s:23:24:23:Infinity":3,"s:25:8:53:Infinity":4,"f:25:35:25:62":1,"s:26:4:26:Infinity":5,"s:27:4:27:Infinity":6,"s:29:4:52:Infinity":7,"s:30:37:30:Infinity":8,"b:32:6:36:Infinity:undefined:undefined:undefined:undefined":0,"s:32:6:36:Infinity":9,"s:34:8:34:Infinity":10,"s:35:8:35:Infinity":11,"s:38:6:38:Infinity":12,"s:40:51:42:Infinity":13,"b:44:6:49:Infinity:47:13:49:Infinity":1,"s:44:6:49:Infinity":14,"s:45:8:45:Infinity":15,"s:46:8:46:Infinity":16,"s:48:8:48:Infinity":17,"s:51:6:51:Infinity":18,"s:55:2:55:Infinity":19}}}
,"/Users/edwardchan/Desktop/CS7180/ClutterCut/src/renderer/src/hooks/useHistory.ts": {"path":"/Users/edwardchan/Desktop/CS7180/ClutterCut/src/renderer/src/hooks/useHistory.ts","statementMap":{"0":{"start":{"line":16,"column":2},"end":{"line":20,"column":null}},"1":{"start":{"line":18,"column":13},"end":{"line":18,"column":null}},"2":{"start":{"line":27,"column":2},"end":{"line":36,"column":null}},"3":{"start":{"line":30,"column":39},"end":{"line":30,"column":null}},"4":{"start":{"line":31,"column":6},"end":{"line":33,"column":null}},"5":{"start":{"line":32,"column":8},"end":{"line":32,"column":null}},"6":{"start":{"line":34,"column":6},"end":{"line":34,"column":null}},"7":{"start":{"line":38,"column":20},"end":{"line":38,"column":null}},"8":{"start":{"line":39,"column":17},"end":{"line":39,"column":null}},"9":{"start":{"line":43,"column":33},"end":{"line":43,"column":null}},"10":{"start":{"line":45,"column":2},"end":{"line":52,"column":null}},"11":{"start":{"line":46,"column":24},"end":{"line":46,"column":null}},"12":{"start":{"line":46,"column":52},"end":{"line":46,"column":56}},"13":{"start":{"line":47,"column":4},"end":{"line":51,"column":null}},"14":{"start":{"line":48,"column":6},"end":{"line":50,"column":null}},"15":{"start":{"line":49,"column":8},"end":{"line":49,"column":null}},"16":{"start":{"line":54,"column":2},"end":{"line":54,"column":null}},"17":{"start":{"line":54,"column":26},"end":{"line":54,"column":85}},"18":{"start":{"line":56,"column":2},"end":{"line":56,"column":null}}},"fnMap":{"0":{"name":"useHistory","decl":{"start":{"line":7,"column":16},"end":{"line":7,"column":27}},"loc":{"start":{"line":11,"column":2},"end":{"line":57,"column":null}},"line":11},"1":{"name":"(anonymous_1)","decl":{"start":{"line":18,"column":13},"end":{"line":18,"column":19}},"loc":{"start":{"line":18,"column":13},"end":{"line":18,"column":null}},"line":18},"2":{"name":"(anonymous_2)","decl":{"start":{"line":29,"column":13},"end":{"line":29,"column":25}},"loc":{"start":{"line":29,"column":25},"end":{"line":35,"column":null}},"line":29},"3":{"name":"(anonymous_3)","decl":{"start":{"line":46,"column":45},"end":{"line":46,"column":46}},"loc":{"start":{"line":46,"column":52},"end":{"line":46,"column":56}},"line":46},"4":{"name":"(anonymous_4)","decl":{"start":{"line":54,"column":16},"end":{"line":54,"column":17}},"loc":{"start":{"line":54,"column":26},"end":{"line":54,"column":85}},"line":54}},"branchMap":{"0":{"loc":{"start":{"line":31,"column":6},"end":{"line":33,"column":null}},"type":"if","locations":[{"start":{"line":31,"column":6},"end":{"line":33,"column":null}},{"start":{},"end":{}}],"line":31},"1":{"loc":{"start":{"line":32,"column":24},"end":{"line":32,"column":63}},"type":"binary-expr","locations":[{"start":{"line":32,"column":24},"end":{"line":32,"column":33}},{"start":{"line":32,"column":33},"end":{"line":32,"column":63}}],"line":32},"2":{"loc":{"start":{"line":34,"column":13},"end":{"line":34,"column":null}},"type":"binary-expr","locations":[{"start":{"line":34,"column":13},"end":{"line":34,"column":21}},{"start":{"line":34,"column":21},"end":{"line":34,"column":null}}],"line":34},"3":{"loc":{"start":{"line":38,"column":20},"end":{"line":38,"column":null}},"type":"binary-expr","locations":[{"start":{"line":38,"column":20},"end":{"line":38,"column":39}},{"start":{"line":38,"column":39},"end":{"line":38,"column":null}}],"line":38},"4":{"loc":{"start":{"line":39,"column":17},"end":{"line":39,"column":null}},"type":"binary-expr","locations":[{"start":{"line":39,"column":17},"end":{"line":39,"column":43}},{"start":{"line":39,"column":43},"end":{"line":39,"column":67}},{"start":{"line":39,"column":67},"end":{"line":39,"column":null}}],"line":39},"5":{"loc":{"start":{"line":43,"column":38},"end":{"line":43,"column":55}},"type":"binary-expr","locations":[{"start":{"line":43,"column":38},"end":{"line":43,"column":52}},{"start":{"line":43,"column":52},"end":{"line":43,"column":55}}],"line":43},"6":{"loc":{"start":{"line":45,"column":2},"end":{"line":52,"column":null}},"type":"if","locations":[{"start":{"line":45,"column":2},"end":{"line":52,"column":null}},{"start":{},"end":{}}],"line":45},"7":{"loc":{"start":{"line":48,"column":6},"end":{"line":50,"column":null}},"type":"if","locations":[{"start":{"line":48,"column":6},"end":{"line":50,"column":null}},{"start":{},"end":{}}],"line":48}},"s":{"0":13,"1":5,"2":13,"3":7,"4":7,"5":1,"6":6,"7":13,"8":13,"9":13,"10":13,"11":5,"12":4,"13":5,"14":3,"15":2,"16":13,"17":3,"18":13},"f":{"0":13,"1":5,"2":7,"3":4,"4":3},"b":{"0":[1,6],"1":[1,0],"2":[6,0],"3":[13,8],"4":[13,12,11],"5":[13,9],"6":[5,8],"7":[2,1]},"meta":{"lastBranch":8,"lastFunction":5,"lastStatement":19,"seen":{"f:7:16:7:27":0,"s:16:2:20:Infinity":0,"f:18:13:18:19":1,"s:18:13:18:Infinity":1,"s:27:2:36:Infinity":2,"f:29:13:29:25":2,"s:30:39:30:Infinity":3,"b:31:6:33:Infinity:undefined:undefined:undefined:undefined":0,"s:31:6:33:Infinity":4,"s:32:8:32:Infinity":5,"b:32:24:32:33:32:33:32:63":1,"s:34:6:34:Infinity":6,"b:34:13:34:21:34:21:34:Infinity":2,"s:38:20:38:Infinity":7,"b:38:20:38:39:38:39:38:Infinity":3,"s:39:17:39:Infinity":8,"b:39:17:39:43:39:43:39:67:39:67:39:Infinity":4,"s:43:33:43:Infinity":9,"b:43:38:43:52:43:52:43:55":5,"b:45:2:52:Infinity:undefined:undefined:undefined:undefined":6,"s:45:2:52:Infinity":10,"s:46:24:46:Infinity":11,"f:46:45:46:46":3,"s:46:52:46:56":12,"s:47:4:51:Infinity":13,"b:48:6:50:Infinity:undefined:undefined:undefined:undefined":7,"s:48:6:50:Infinity":14,"s:49:8:49:Infinity":15,"s:54:2:54:Infinity":16,"f:54:16:54:17":4,"s:54:26:54:85":17,"s:56:2:56:Infinity":18}}}
,"/Users/edwardchan/Desktop/CS7180/ClutterCut/src/renderer/src/hooks/useSaveRun.ts": {"path":"/Users/edwardchan/Desktop/CS7180/ClutterCut/src/renderer/src/hooks/useSaveRun.ts","statementMap":{"0":{"start":{"line":17,"column":30},"end":{"line":17,"column":null}},"1":{"start":{"line":18,"column":24},"end":{"line":18,"column":null}},"2":{"start":{"line":20,"column":18},"end":{"line":71,"column":null}},"3":{"start":{"line":28,"column":4},"end":{"line":28,"column":null}},"4":{"start":{"line":29,"column":4},"end":{"line":29,"column":null}},"5":{"start":{"line":31,"column":21},"end":{"line":31,"column":null}},"6":{"start":{"line":32,"column":18},"end":{"line":32,"column":null}},"7":{"start":{"line":33,"column":10},"end":{"line":33,"column":null}},"8":{"start":{"line":35,"column":31},"end":{"line":47,"column":null}},"9":{"start":{"line":49,"column":4},"end":{"line":70,"column":null}},"10":{"start":{"line":50,"column":6},"end":{"line":63,"column":null}},"11":{"start":{"line":52,"column":24},"end":{"line":52,"column":null}},"12":{"start":{"line":54,"column":35},"end":{"line":54,"column":null}},"13":{"start":{"line":56,"column":8},"end":{"line":56,"column":null}},"14":{"start":{"line":56,"column":21},"end":{"line":56,"column":null}},"15":{"start":{"line":59,"column":25},"end":{"line":59,"column":null}},"16":{"start":{"line":60,"column":8},"end":{"line":62,"column":null}},"17":{"start":{"line":61,"column":10},"end":{"line":61,"column":null}},"18":{"start":{"line":65,"column":6},"end":{"line":65,"column":null}},"19":{"start":{"line":66,"column":6},"end":{"line":66,"column":null}},"20":{"start":{"line":67,"column":6},"end":{"line":67,"column":null}},"21":{"start":{"line":69,"column":6},"end":{"line":69,"column":null}},"22":{"start":{"line":73,"column":2},"end":{"line":73,"column":null}}},"fnMap":{"0":{"name":"useSaveRun","decl":{"start":{"line":5,"column":16},"end":{"line":5,"column":null}},"loc":{"start":{"line":16,"column":2},"end":{"line":74,"column":null}},"line":16},"1":{"name":"(anonymous_1)","decl":{"start":{"line":20,"column":18},"end":{"line":20,"column":null}},"loc":{"start":{"line":27,"column":22},"end":{"line":71,"column":null}},"line":27}},"branchMap":{"0":{"loc":{"start":{"line":50,"column":6},"end":{"line":63,"column":null}},"type":"if","locations":[{"start":{"line":50,"column":6},"end":{"line":63,"column":null}},{"start":{"line":57,"column":13},"end":{"line":63,"column":null}}],"line":50},"1":{"loc":{"start":{"line":56,"column":8},"end":{"line":56,"column":null}},"type":"if","locations":[{"start":{"line":56,"column":8},"end":{"line":56,"column":null}},{"start":{},"end":{}}],"line":56},"2":{"loc":{"start":{"line":60,"column":8},"end":{"line":62,"column":null}},"type":"if","locations":[{"start":{"line":60,"column":8},"end":{"line":62,"column":null}},{"start":{},"end":{}}],"line":60},"3":{"loc":{"start":{"line":61,"column":26},"end":{"line":61,"column":72}},"type":"binary-expr","locations":[{"start":{"line":61,"column":26},"end":{"line":61,"column":44}},{"start":{"line":61,"column":44},"end":{"line":61,"column":72}}],"line":61},"4":{"loc":{"start":{"line":66,"column":15},"end":{"line":66,"column":81}},"type":"cond-expr","locations":[{"start":{"line":66,"column":38},"end":{"line":66,"column":44}},{"start":{"line":66,"column":44},"end":{"line":66,"column":81}}],"line":66}},"s":{"0":8,"1":8,"2":8,"3":4,"4":4,"5":4,"6":4,"7":4,"8":4,"9":4,"10":4,"11":2,"12":2,"13":2,"14":0,"15":2,"16":2,"17":0,"18":0,"19":0,"20":0,"21":4,"22":8},"f":{"0":8,"1":4},"b":{"0":[2,2],"1":[0,2],"2":[0,2],"3":[0,0],"4":[0,0]},"meta":{"lastBranch":5,"lastFunction":2,"lastStatement":23,"seen":{"f:5:16:5:Infinity":0,"s:17:30:17:Infinity":0,"s:18:24:18:Infinity":1,"s:20:18:71:Infinity":2,"f:20:18:20:Infinity":1,"s:28:4:28:Infinity":3,"s:29:4:29:Infinity":4,"s:31:21:31:Infinity":5,"s:32:18:32:Infinity":6,"s:33:10:33:Infinity":7,"s:35:31:47:Infinity":8,"s:49:4:70:Infinity":9,"b:50:6:63:Infinity:57:13:63:Infinity":0,"s:50:6:63:Infinity":10,"s:52:24:52:Infinity":11,"s:54:35:54:Infinity":12,"b:56:8:56:Infinity:undefined:undefined:undefined:undefined":1,"s:56:8:56:Infinity":13,"s:56:21:56:Infinity":14,"s:59:25:59:Infinity":15,"b:60:8:62:Infinity:undefined:undefined:undefined:undefined":2,"s:60:8:62:Infinity":16,"s:61:10:61:Infinity":17,"b:61:26:61:44:61:44:61:72":3,"s:65:6:65:Infinity":18,"s:66:6:66:Infinity":19,"b:66:38:66:44:66:44:66:81":4,"s:67:6:67:Infinity":20,"s:69:6:69:Infinity":21,"s:73:2:73:Infinity":22}}}
,"/Users/edwardchan/Desktop/CS7180/ClutterCut/src/renderer/src/hooks/useSyncQueue.ts": {"path":"/Users/edwardchan/Desktop/CS7180/ClutterCut/src/renderer/src/hooks/useSyncQueue.ts","statementMap":{"0":{"start":{"line":5,"column":32},"end":{"line":5,"column":null}},"1":{"start":{"line":6,"column":8},"end":{"line":6,"column":null}},"2":{"start":{"line":8,"column":2},"end":{"line":50,"column":null}},"3":{"start":{"line":9,"column":21},"end":{"line":40,"column":null}},"4":{"start":{"line":10,"column":6},"end":{"line":10,"column":null}},"5":{"start":{"line":10,"column":53},"end":{"line":10,"column":null}},"6":{"start":{"line":12,"column":6},"end":{"line":12,"column":null}},"7":{"start":{"line":13,"column":6},"end":{"line":13,"column":null}},"8":{"start":{"line":14,"column":6},"end":{"line":39,"column":null}},"9":{"start":{"line":15,"column":41},"end":{"line":15,"column":null}},"10":{"start":{"line":17,"column":8},"end":{"line":20,"column":null}},"11":{"start":{"line":18,"column":10},"end":{"line":18,"column":null}},"12":{"start":{"line":19,"column":10},"end":{"line":19,"column":null}},"13":{"start":{"line":22,"column":8},"end":{"line":33,"column":null}},"14":{"start":{"line":23,"column":10},"end":{"line":32,"column":null}},"15":{"start":{"line":24,"column":28},"end":{"line":24,"column":null}},"16":{"start":{"line":25,"column":39},"end":{"line":25,"column":null}},"17":{"start":{"line":27,"column":12},"end":{"line":31,"column":null}},"18":{"start":{"line":28,"column":14},"end":{"line":28,"column":null}},"19":{"start":{"line":30,"column":14},"end":{"line":30,"column":null}},"20":{"start":{"line":35,"column":8},"end":{"line":35,"column":null}},"21":{"start":{"line":37,"column":8},"end":{"line":37,"column":null}},"22":{"start":{"line":38,"column":8},"end":{"line":38,"column":null}},"23":{"start":{"line":43,"column":4},"end":{"line":43,"column":null}},"24":{"start":{"line":45,"column":4},"end":{"line":45,"column":null}},"25":{"start":{"line":47,"column":4},"end":{"line":49,"column":null}},"26":{"start":{"line":48,"column":6},"end":{"line":48,"column":null}},"27":{"start":{"line":52,"column":2},"end":{"line":52,"column":null}}},"fnMap":{"0":{"name":"useSyncQueue","decl":{"start":{"line":4,"column":16},"end":{"line":4,"column":55}},"loc":{"start":{"line":4,"column":55},"end":{"line":53,"column":null}},"line":4},"1":{"name":"(anonymous_1)","decl":{"start":{"line":8,"column":12},"end":{"line":8,"column":18}},"loc":{"start":{"line":8,"column":18},"end":{"line":50,"column":5}},"line":8},"2":{"name":"(anonymous_2)","decl":{"start":{"line":9,"column":21},"end":{"line":9,"column":48}},"loc":{"start":{"line":9,"column":48},"end":{"line":40,"column":null}},"line":9},"3":{"name":"(anonymous_3)","decl":{"start":{"line":47,"column":11},"end":{"line":47,"column":17}},"loc":{"start":{"line":47,"column":17},"end":{"line":49,"column":null}},"line":47}},"branchMap":{"0":{"loc":{"start":{"line":10,"column":6},"end":{"line":10,"column":null}},"type":"if","locations":[{"start":{"line":10,"column":6},"end":{"line":10,"column":null}},{"start":{},"end":{}}],"line":10},"1":{"loc":{"start":{"line":10,"column":10},"end":{"line":10,"column":53}},"type":"binary-expr","locations":[{"start":{"line":10,"column":10},"end":{"line":10,"column":31}},{"start":{"line":10,"column":31},"end":{"line":10,"column":53}}],"line":10},"2":{"loc":{"start":{"line":17,"column":8},"end":{"line":20,"column":null}},"type":"if","locations":[{"start":{"line":17,"column":8},"end":{"line":20,"column":null}},{"start":{},"end":{}}],"line":17},"3":{"loc":{"start":{"line":22,"column":8},"end":{"line":33,"column":null}},"type":"if","locations":[{"start":{"line":22,"column":8},"end":{"line":33,"column":null}},{"start":{},"end":{}}],"line":22},"4":{"loc":{"start":{"line":22,"column":12},"end":{"line":22,"column":37}},"type":"binary-expr","locations":[{"start":{"line":22,"column":12},"end":{"line":22,"column":20}},{"start":{"line":22,"column":20},"end":{"line":22,"column":37}}],"line":22},"5":{"loc":{"start":{"line":27,"column":12},"end":{"line":31,"column":null}},"type":"if","locations":[{"start":{"line":27,"column":12},"end":{"line":31,"column":null}},{"start":{"line":29,"column":19},"end":{"line":31,"column":null}}],"line":27}},"s":{"0":33,"1":33,"2":33,"3":12,"4":13,"5":2,"6":11,"7":11,"8":11,"9":11,"10":11,"11":1,"12":1,"13":10,"14":1,"15":1,"16":1,"17":1,"18":1,"19":0,"20":0,"21":11,"22":11,"23":12,"24":12,"25":12,"26":12,"27":33},"f":{"0":33,"1":12,"2":13,"3":12},"b":{"0":[2,11],"1":[13,11],"2":[1,10],"3":[1,9],"4":[10,10],"5":[1,0]},"meta":{"lastBranch":6,"lastFunction":4,"lastStatement":28,"seen":{"f:4:16:4:55":0,"s:5:32:5:Infinity":0,"s:6:8:6:Infinity":1,"s:8:2:50:Infinity":2,"f:8:12:8:18":1,"s:9:21:40:Infinity":3,"f:9:21:9:48":2,"b:10:6:10:Infinity:undefined:undefined:undefined:undefined":0,"s:10:6:10:Infinity":4,"b:10:10:10:31:10:31:10:53":1,"s:10:53:10:Infinity":5,"s:12:6:12:Infinity":6,"s:13:6:13:Infinity":7,"s:14:6:39:Infinity":8,"s:15:41:15:Infinity":9,"b:17:8:20:Infinity:undefined:undefined:undefined:undefined":2,"s:17:8:20:Infinity":10,"s:18:10:18:Infinity":11,"s:19:10:19:Infinity":12,"b:22:8:33:Infinity:undefined:undefined:undefined:undefined":3,"s:22:8:33:Infinity":13,"b:22:12:22:20:22:20:22:37":4,"s:23:10:32:Infinity":14,"s:24:28:24:Infinity":15,"s:25:39:25:Infinity":16,"b:27:12:31:Infinity:29:19:31:Infinity":5,"s:27:12:31:Infinity":17,"s:28:14:28:Infinity":18,"s:30:14:30:Infinity":19,"s:35:8:35:Infinity":20,"s:37:8:37:Infinity":21,"s:38:8:38:Infinity":22,"s:43:4:43:Infinity":23,"s:45:4:45:Infinity":24,"s:47:4:49:Infinity":25,"f:47:11:47:17":3,"s:48:6:48:Infinity":26,"s:52:2:52:Infinity":27}}}
,"/Users/edwardchan/Desktop/CS7180/ClutterCut/src/renderer/src/hooks/useUndo.ts": {"path":"/Users/edwardchan/Desktop/CS7180/ClutterCut/src/renderer/src/hooks/useUndo.ts","statementMap":{"0":{"start":{"line":11,"column":32},"end":{"line":11,"column":null}},"1":{"start":{"line":12,"column":24},"end":{"line":12,"column":null}},"2":{"start":{"line":13,"column":8},"end":{"line":13,"column":null}},"3":{"start":{"line":15,"column":24},"end":{"line":85,"column":null}},"4":{"start":{"line":16,"column":4},"end":{"line":16,"column":null}},"5":{"start":{"line":17,"column":4},"end":{"line":17,"column":null}},"6":{"start":{"line":19,"column":4},"end":{"line":84,"column":null}},"7":{"start":{"line":20,"column":23},"end":{"line":20,"column":null}},"8":{"start":{"line":21,"column":6},"end":{"line":23,"column":null}},"9":{"start":{"line":22,"column":8},"end":{"line":22,"column":null}},"10":{"start":{"line":26,"column":18},"end":{"line":26,"column":null}},"11":{"start":{"line":27,"column":40},"end":{"line":27,"column":null}},"12":{"start":{"line":29,"column":6},"end":{"line":35,"column":null}},"13":{"start":{"line":31,"column":8},"end":{"line":33,"column":null}},"14":{"start":{"line":32,"column":10},"end":{"line":32,"column":null}},"15":{"start":{"line":34,"column":8},"end":{"line":34,"column":null}},"16":{"start":{"line":38,"column":6},"end":{"line":38,"column":null}},"17":{"start":{"line":41,"column":23},"end":{"line":41,"column":null}},"18":{"start":{"line":42,"column":12},"end":{"line":42,"column":null}},"19":{"start":{"line":45,"column":29},"end":{"line":45,"column":null}},"20":{"start":{"line":52,"column":28},"end":{"line":52,"column":null}},"21":{"start":{"line":54,"column":62},"end":{"line":68,"column":null}},"22":{"start":{"line":70,"column":6},"end":{"line":70,"column":null}},"23":{"start":{"line":73,"column":6},"end":{"line":73,"column":null}},"24":{"start":{"line":74,"column":6},"end":{"line":74,"column":null}},"25":{"start":{"line":76,"column":6},"end":{"line":76,"column":null}},"26":{"start":{"line":78,"column":6},"end":{"line":78,"column":null}},"27":{"start":{"line":79,"column":21},"end":{"line":79,"column":null}},"28":{"start":{"line":80,"column":6},"end":{"line":80,"column":null}},"29":{"start":{"line":81,"column":6},"end":{"line":81,"column":null}},"30":{"start":{"line":83,"column":6},"end":{"line":83,"column":null}},"31":{"start":{"line":87,"column":2},"end":{"line":87,"column":null}},"32":{"start":{"line":108,"column":2},"end":{"line":110,"column":null}},"33":{"start":{"line":109,"column":4},"end":{"line":109,"column":null}},"34":{"start":{"line":113,"column":28},"end":{"line":113,"column":null}},"35":{"start":{"line":118,"column":2},"end":{"line":121,"column":null}},"36":{"start":{"line":120,"column":4},"end":{"line":120,"column":null}},"37":{"start":{"line":126,"column":27},"end":{"line":126,"column":null}},"38":{"start":{"line":126,"column":69},"end":{"line":126,"column":80}},"39":{"start":{"line":128,"column":72},"end":{"line":128,"column":null}},"40":{"start":{"line":130,"column":2},"end":{"line":158,"column":null}},"41":{"start":{"line":131,"column":60},"end":{"line":131,"column":null}},"42":{"start":{"line":133,"column":4},"end":{"line":150,"column":null}},"43":
[...]
/renderer/src/screens/SignUpScreen.tsx": {"path":"/Users/edwardchan/Desktop/CS7180/ClutterCut/src/renderer/src/screens/SignUpScreen.tsx","statementMap":{"0":{"start":{"line":6,"column":24},"end":{"line":6,"column":null}},"1":{"start":{"line":7,"column":30},"end":{"line":7,"column":null}},"2":{"start":{"line":8,"column":24},"end":{"line":8,"column":null}},"3":{"start":{"line":9,"column":28},"end":{"line":9,"column":null}},"4":{"start":{"line":10,"column":28},"end":{"line":10,"column":null}},"5":{"start":{"line":11,"column":8},"end":{"line":11,"column":null}},"6":{"start":{"line":13,"column":23},"end":{"line":56,"column":null}},"7":{"start":{"line":14,"column":4},"end":{"line":14,"column":null}},"8":{"start":{"line":15,"column":4},"end":{"line":15,"column":null}},"9":{"start":{"line":16,"column":4},"end":{"line":16,"column":null}},"10":{"start":{"line":18,"column":4},"end":{"line":21,"column":null}},"11":{"start":{"line":19,"column":6},"end":{"line":19,"column":null}},"12":{"start":{"line":20,"column":6},"end":{"line":20,"column":null}},"13":{"start":{"line":23,"column":23},"end":{"line":23,"column":null}},"14":{"start":{"line":24,"column":4},"end":{"line":27,"column":null}},"15":{"start":{"line":25,"column":6},"end":{"line":25,"column":null}},"16":{"start":{"line":26,"column":6},"end":{"line":26,"column":null}},"17":{"start":{"line":29,"column":4},"end":{"line":32,"column":null}},"18":{"start":{"line":30,"column":6},"end":{"line":30,"column":null}},"19":{"start":{"line":31,"column":6},"end":{"line":31,"column":null}},"20":{"start":{"line":34,"column":4},"end":{"line":34,"column":null}},"21":{"start":{"line":36,"column":41},"end":{"line":36,"column":null}},"22":{"start":{"line":38,"column":4},"end":{"line":38,"column":null}},"23":{"start":{"line":40,"column":4},"end":{"line":47,"column":null}},"24":{"start":{"line":41,"column":6},"end":{"line":45,"column":null}},"25":{"start":{"line":42,"column":8},"end":{"line":42,"column":null}},"26":{"start":{"line":44,"column":8},"end":{"line":44,"column":null}},"27":{"start":{"line":46,"column":6},"end":{"line":46,"column":null}},"28":{"start":{"line":51,"column":4},"end":{"line":55,"column":null}},"29":{"start":{"line":52,"column":6},"end":{"line":52,"column":null}},"30":{"start":{"line":54,"column":6},"end":{"line":54,"column":null}},"31":{"start":{"line":58,"column":2},"end":{"line":123,"column":null}},"32":{"start":{"line":78,"column":31},"end":{"line":78,"column":null}},"33":{"start":{"line":92,"column":31},"end":{"line":92,"column":null}},"34":{"start":{"line":116,"column":27},"end":{"line":116,"column":null}}},"fnMap":{"0":{"name":"SignUpScreen","decl":{"start":{"line":5,"column":24},"end":{"line":5,"column":58}},"loc":{"start":{"line":5,"column":58},"end":{"line":125,"column":null}},"line":5},"1":{"name":"(anonymous_1)","decl":{"start":{"line":13,"column":23},"end":{"line":13,"column":30}},"loc":{"start":{"line":13,"column":68},"end":{"line":56,"column":null}},"line":13},"2":{"name":"(anonymous_2)","decl":{"start":{"line":78,"column":24},"end":{"line":78,"column":25}},"loc":{"start":{"line":78,"column":31},"end":{"line":78,"column":null}},"line":78},"3":{"name":"(anonymous_3)","decl":{"start":{"line":92,"column":24},"end":{"line":92,"column":25}},"loc":{"start":{"line":92,"column":31},"end":{"line":92,"column":null}},"line":92},"4":{"name":"(anonymous_4)","decl":{"start":{"line":116,"column":21},"end":{"line":116,"column":27}},"loc":{"start":{"line":116,"column":27},"end":{"line":116,"column":null}},"line":116}},"branchMap":{"0":{"loc":{"start":{"line":18,"column":4},"end":{"line":21,"column":null}},"type":"if","locations":[{"start":{"line":18,"column":4},"end":{"line":21,"column":null}},{"start":{},"end":{}}],"line":18},"1":{"loc":{"start":{"line":18,"column":8},"end":{"line":18,"column":29}},"type":"binary-expr","locations":[{"start":{"line":18,"column":8},"end":{"line":18,"column":18}},{"start":{"line":18,"column":18},"end":{"line":18,"column":29}}],"line":18},"2":{"loc":{"start":{"line":24,"column":4},"end":{"line":27,"column":null}},"type":"if","locations":[{"start":{"line":24,"column":4},"end":{"line":27,"column":null}},{"start":{},"end":{}}],"line":24},"3":{"loc":{"start":{"line":29,"column":4},"end":{"line":32,"column":null}},"type":"if","locations":[{"start":{"line":29,"column":4},"end":{"line":32,"column":null}},{"start":{},"end":{}}],"line":29},"4":{"loc":{"start":{"line":40,"column":4},"end":{"line":47,"column":null}},"type":"if","locations":[{"start":{"line":40,"column":4},"end":{"line":47,"column":null}},{"start":{},"end":{}}],"line":40},"5":{"loc":{"start":{"line":41,"column":6},"end":{"line":45,"column":null}},"type":"if","locations":[{"start":{"line":41,"column":6},"end":{"line":45,"column":null}},{"start":{"line":43,"column":13},"end":{"line":45,"column":null}}],"line":41},"6":{"loc":{"start":{"line":51,"column":4},"end":{"line":55,"column":null}},"type":"if","locations":[{"start":{"line":51,"column":4},"end":{"line":55,"column":null}},{"start":{"line":53,"column":11},"end":{"line":55,"column":null}}],"line":51},"7":{"loc":{"start":{"line":63,"column":9},"end":{"line":66,"column":null}},"type":"binary-expr","locations":[{"start":{"line":63,"column":9},"end":{"line":63,"column":null}},{"start":{"line":64,"column":10},"end":{"line":66,"column":null}}],"line":63},"8":{"loc":{"start":{"line":98,"column":11},"end":{"line":101,"column":null}},"type":"binary-expr","locations":[{"start":{"line":98,"column":11},"end":{"line":98,"column":null}},{"start":{"line":99,"column":12},"end":{"line":101,"column":null}}],"line":98},"9":{"loc":{"start":{"line":109,"column":13},"end":{"line":109,"column":null}},"type":"cond-expr","locations":[{"start":{"line":109,"column":23},"end":{"line":109,"column":45}},{"start":{"line":109,"column":45},"end":{"line":109,"column":null}}],"line":109}},"s":{"0":26,"1":26,"2":26,"3":26,"4":26,"5":26,"6":26,"7":6,"8":6,"9":6,"10":6,"11":1,"12":1,"13":5,"14":5,"15":1,"16":1,"17":4,"18":1,"19":1,"20":3,"21":3,"22":3,"23":3,"24":1,"25":1,"26":0,"27":1,"28":2,"29":1,"30":1,"31":26,"32":5,"33":5,"34":0},"f":{"0":26,"1":6,"2":5,"3":5,"4":0},"b":{"0":[1,5],"1":[6,5],"2":[1,4],"3":[1,3],"4":[1,2],"5":[1,0],"6":[1,1],"7":[26,1],"8":[26,4],"9":[3,23]},"meta":{"lastBranch":10,"lastFunction":5,"lastStatement":35,"seen":{"f:5:24:5:58":0,"s:6:24:6:Infinity":0,"s:7:30:7:Infinity":1,"s:8:24:8:Infinity":2,"s:9:28:9:Infinity":3,"s:10:28:10:Infinity":4,"s:11:8:11:Infinity":5,"s:13:23:56:Infinity":6,"f:13:23:13:30":1,"s:14:4:14:Infinity":7,"s:15:4:15:Infinity":8,"s:16:4:16:Infinity":9,"b:18:4:21:Infinity:undefined:undefined:undefined:undefined":0,"s:18:4:21:Infinity":10,"b:18:8:18:18:18:18:18:29":1,"s:19:6:19:Infinity":11,"s:20:6:20:Infinity":12,"s:23:23:23:Infinity":13,"b:24:4:27:Infinity:undefined:undefined:undefined:undefined":2,"s:24:4:27:Infinity":14,"s:25:6:25:Infinity":15,"s:26:6:26:Infinity":16,"b:29:4:32:Infinity:undefined:undefined:undefined:undefined":3,"s:29:4:32:Infinity":17,"s:30:6:30:Infinity":18,"s:31:6:31:Infinity":19,"s:34:4:34:Infinity":20,"s:36:41:36:Infinity":21,"s:38:4:38:Infinity":22,"b:40:4:47:Infinity:undefined:undefined:undefined:undefined":4,"s:40:4:47:Infinity":23,"b:41:6:45:Infinity:43:13:45:Infinity":5,"s:41:6:45:Infinity":24,"s:42:8:42:Infinity":25,"s:44:8:44:Infinity":26,"s:46:6:46:Infinity":27,"b:51:4:55:Infinity:53:11:55:Infinity":6,"s:51:4:55:Infinity":28,"s:52:6:52:Infinity":29,"s:54:6:54:Infinity":30,"s:58:2:123:Infinity":31,"b:63:9:63:Infinity:64:10:66:Infinity":7,"f:78:24:78:25":2,"s:78:31:78:Infinity":32,"f:92:24:92:25":3,"s:92:31:92:Infinity":33,"b:98:11:98:Infinity:99:12:101:Infinity":8,"b:109:23:109:45:109:45:109:Infinity":9,"f:116:21:116:27":4,"s:116:27:116:Infinity":34}}}
,"/Users/edwardchan/Desktop/CS7180/ClutterCut/src/renderer/src/screens/SuccessScreen.tsx": {"path":"/Users/edwardchan/Desktop/CS7180/ClutterCut/src/renderer/src/screens/SuccessScreen.tsx","statementMap":{"0":{"start":{"line":10,"column":8},"end":{"line":10,"column":null}},"1":{"start":{"line":11,"column":8},"end":{"line":11,"column":null}},"2":{"start":{"line":12,"column":18},"end":{"line":12,"column":null}},"3":{"start":{"line":13,"column":17},"end":{"line":13,"column":null}},"4":{"start":{"line":14,"column":19},"end":{"line":14,"column":null}},"5":{"start":{"line":17,"column":52},"end":{"line":17,"column":null}},"6":{"start":{"line":18,"column":2},"end":{"line":32,"column":null}},"7":{"start":{"line":19,"column":18},"end":{"line":19,"column":null}},"8":{"start":{"line":20,"column":4},"end":{"line":31,"column":null}},"9":{"start":{"line":21,"column":28},"end":{"line":21,"column":null}},"10":{"start":{"line":22,"column":6},"end":{"line":30,"column":null}},"11":{"start":{"line":23,"column":8},"end":{"line":29,"column":null}},"12":{"start":{"line":24,"column":29},"end":{"line":24,"column":null}},"13":{"start":{"line":25,"column":32},"end":{"line":25,"column":null}},"14":{"start":{"line":26,"column":10},"end":{"line":28,"column":null}},"15":{"start":{"line":27,"column":12},"end":{"line":27,"column":null}},"16":{"start":{"line":34,"column":29},"end":{"line":34,"column":null}},"17":{"start":{"line":36,"column":2},"end":{"line":122,"column":null}},"18":{"start":{"line":72,"column":18},"end":{"line":97,"column":null}},"19":{"start":{"line":92,"column":24},"end":{"line":94,"column":null}},"20":{"start":{"line":108,"column":29},"end":{"line":108,"column":null}},"21":{"start":{"line":115,"column":27},"end":{"line":115,"column":null}}},"fnMap":{"0":{"name":"SuccessScreen","decl":{"start":{"line":9,"column":24},"end":{"line":9,"column":59}},"loc":{"start":{"line":9,"column":59},"end":{"line":124,"column":null}},"line":9},"1":{"name":"(anonymous_1)","decl":{"start":{"line":71,"column":53},"end":{"line":71,"column":54}},"loc":{"start":{"line":72,"column":18},"end":{"line":97,"column":null}},"line":72},"2":{"name":"(anonymous_2)","decl":{"start":{"line":91,"column":33},"end":{"line":91,"column":34}},"loc":{"start":{"line":92,"column":24},"end":{"line":94,"column":null}},"line":92},"3":{"name":"(anonymous_3)","decl":{"start":{"line":108,"column":23},"end":{"line":108,"column":29}},"loc":{"start":{"line":108,"column":29},"end":{"line":108,"column":null}},"line":108},"4":{"name":"(anonymous_4)","decl":{"start":{"line":115,"column":21},"end":{"line":115,"column":27}},"loc":{"start":{"line":115,"column":27},"end":{"line":115,"column":null}},"line":115}},"branchMap":{"0":{"loc":{"start":{"line":13,"column":17},"end":{"line":13,"column":null}},"type":"binary-expr","locations":[{"start":{"line":13,"column":17},"end":{"line":13,"column":60}},{"start":{"line":13,"column":60},"end":{"line":13,"column":null}}],"line":13},"1":{"loc":{"start":{"line":18,"column":2},"end":{"line":32,"column":null}},"type":"if","locations":[{"start":{"line":18,"column":2},"end":{"line":32,"column":null}},{"start":{},"end":{}}],"line":18},"2":{"loc":{"start":{"line":20,"column":4},"end":{"line":31,"column":null}},"type":"if","locations":[{"start":{"line":20,"column":4},"end":{"line":31,"column":null}},{"start":{},"end":{}}],"line":20},"3":{"loc":{"start":{"line":23,"column":8},"end":{"line":29,"column":null}},"type":"if","locations":[{"start":{"line":23,"column":8},"end":{"line":29,"column":null}},{"start":{},"end":{}}],"line":23},"4":{"loc":{"start":{"line":23,"column":12},"end":{"line":23,"column":55}},"type":"binary-expr","locations":[{"start":{"line":23,"column":12},"end":{"line":23,"column":40}},{"start":{"line":23,"column":40},"end":{"line":23,"column":55}}],"line":23},"5":{"loc":{"start":{"line":26,"column":10},"end":{"line":28,"column":null}},"type":"if","locations":[{"start":{"line":26,"column":10},"end":{"line":28,"column":null}},{"start":{},"end":{}}],"line":26},"6":{"loc":{"start":{"line":26,"column":14},"end":{"line":26,"column":72}},"type":"binary-expr","locations":[{"start":{"line":26,"column":14},"end":{"line":26,"column":46}},{"start":{"line":26,"column":46},"end":{"line":26,"column":72}}],"line":26},"7":{"loc":{"start":{"line":58,"column":48},"end":{"line":58,"column":74}},"type":"binary-expr","locations":[{"start":{"line":58,"column":48},"end":{"line":58,"column":72}},{"start":{"line":58,"column":72},"end":{"line":58,"column":74}}],"line":58},"8":{"loc":{"start":{"line":64,"column":11},"end":{"line":100,"column":null}},"type":"binary-expr","locations":[{"start":{"line":64,"column":11},"end":{"line":64,"column":null}},{"start":{"line":65,"column":12},"end":{"line":100,"column":null}}],"line":64},"9":{"loc":{"start":{"line":106,"column":11},"end":{"line":112,"column":null}},"type":"binary-expr","locations":[{"start":{"line":106,"column":11},"end":{"line":106,"column":null}},{"start":{"line":107,"column":12},"end":{"line":112,"column":null}}],"line":106}},"s":{"0":3,"1":3,"2":3,"3":3,"4":3,"5":3,"6":3,"7":1,"8":1,"9":0,"10":0,"11":0,"12":0,"13":0,"14":0,"15":0,"16":3,"17":3,"18":0,"19":0,"20":1,"21":1},"f":{"0":3,"1":0,"2":0,"3":1,"4":1},"b":{"0":[3,2],"1":[1,2],"2":[0,1],"3":[0,0],"4":[0,0],"5":[0,0],"6":[0,0],"7":[3,2],"8":[3,0],"9":[3,1]},"meta":{"lastBranch":10,"lastFunction":5,"lastStatement":22,"seen":{"f:9:24:9:59":0,"s:10:8:10:Infinity":0,"s:11:8:11:Infinity":1,"s:12:18:12:Infinity":2,"s:13:17:13:Infinity":3,"b:13:17:13:60:13:60:13:Infinity":0,"s:14:19:14:Infinity":4,"s:17:52:17:Infinity":5,"b:18:2:32:Infinity:undefined:undefined:undefined:undefined":1,"s:18:2:32:Infinity":6,"s:19:18:19:Infinity":7,"b:20:4:31:Infinity:undefined:undefined:undefined:undefined":2,"s:20:4:31:Infinity":8,"s:21:28:21:Infinity":9,"s:22:6:30:Infinity":10,"b:23:8:29:Infinity:undefined:undefined:undefined:undefined":3,"s:23:8:29:Infinity":11,"b:23:12:23:40:23:40:23:55":4,"s:24:29:24:Infinity":12,"s:25:32:25:Infinity":13,"b:26:10:28:Infinity:undefined:undefined:undefined:undefined":5,"s:26:10:28:Infinity":14,"b:26:14:26:46:26:46:26:72":6,"s:27:12:27:Infinity":15,"s:34:29:34:Infinity":16,"s:36:2:122:Infinity":17,"b:58:48:58:72:58:72:58:74":7,"b:64:11:64:Infinity:65:12:100:Infinity":8,"f:71:53:71:54":1,"s:72:18:97:Infinity":18,"f:91:33:91:34":2,"s:92:24:94:Infinity":19,"b:106:11:106:Infinity:107:12:112:Infinity":9,"f:108:23:108:29":3,"s:108:29:108:Infinity":20,"f:115:21:115:27":4,"s:115:27:115:Infinity":21}}}
,"/Users/edwardchan/Desktop/CS7180/ClutterCut/src/renderer/src/utils/formatErrorMessage.tsx": {"path":"/Users/edwardchan/Desktop/CS7180/ClutterCut/src/renderer/src/utils/formatErrorMessage.tsx","statementMap":{"0":{"start":{"line":4,"column":24},"end":{"line":4,"column":null}},"1":{"start":{"line":6,"column":2},"end":{"line":18,"column":null}},"2":{"start":{"line":7,"column":4},"end":{"line":7,"column":null}},"3":{"start":{"line":8,"column":2},"end":{"line":18,"column":null}},"4":{"start":{"line":9,"column":4},"end":{"line":9,"column":null}},"5":{"start":{"line":10,"column":2},"end":{"line":18,"column":null}},"6":{"start":{"line":11,"column":4},"end":{"line":11,"column":null}},"7":{"start":{"line":12,"column":2},"end":{"line":18,"column":null}},"8":{"start":{"line":13,"column":4},"end":{"line":13,"column":null}},"9":{"start":{"line":14,"column":2},"end":{"line":18,"column":null}},"10":{"start":{"line":15,"column":4},"end":{"line":15,"column":null}},"11":{"start":{"line":16,"column":2},"end":{"line":18,"column":null}},"12":{"start":{"line":17,"column":4},"end":{"line":17,"column":null}},"13":{"start":{"line":21,"column":22},"end":{"line":21,"column":null}},"14":{"start":{"line":24,"column":26},"end":{"line":24,"column":null}},"15":{"start":{"line":26,"column":2},"end":{"line":46,"column":null}},"16":{"start":{"line":27,"column":21},"end":{"line":27,"column":null}},"17":{"start":{"line":28,"column":22},"end":{"line":28,"column":null}},"18":{"start":{"line":29,"column":24},"end":{"line":29,"column":null}},"19":{"start":{"line":30,"column":27},"end":{"line":30,"column":null}},"20":{"start":{"line":32,"column":4},"end":{"line":44,"column":null}},"21":{"start":{"line":48,"column":2},"end":{"line":66,"column":null}},"22":{"start":{"line":49,"column":23},"end":{"line":49,"column":null}},"23":{"start":{"line":50,"column":22},"end":{"line":50,"column":null}},"24":{"start":{"line":51,"column":27},"end":{"line":51,"column":null}},"25":{"start":{"line":53,"column":4},"end":{"line":64,"column":null}},"26":{"start":{"line":68,"column":2},"end":{"line":68,"column":null}}},"fnMap":{"0":{"name":"formatErrorMessage","decl":{"start":{"line":3,"column":16},"end":{"line":3,"column":35}},"loc":{"start":{"line":3,"column":70},"end":{"line":69,"column":null}},"line":3}},"branchMap":{"0":{"loc":{"start":{"line":6,"column":2},"end":{"line":18,"column":null}},"type":"if","locations":[{"start":{"line":6,"column":2},"end":{"line":18,"column":null}},{"start":{"line":8,"column":2},"end":{"line":18,"column":null}}],"line":6},"1":{"loc":{"start":{"line":6,"column":6},"end":{"line":6,"column":84}},"type":"binary-expr","locations":[{"start":{"line":6,"column":6},"end":{"line":6,"column":56}},{"start":{"line":6,"column":56},"end":{"line":6,"column":84}}],"line":6},"2":{"loc":{"start":{"line":8,"column":2},"end":{"line":18,"column":null}},"type":"if","locations":[{"start":{"line":8,"column":2},"end":{"line":18,"column":null}},{"start":{"line":10,"column":2},"end":{"line":18,"column":null}}],"line":8},"3":{"loc":{"start":{"line":10,"column":2},"end":{"line":18,"column":null}},"type":"if","locations":[{"start":{"line":10,"column":2},"end":{"line":18,"column":null}},{"start":{"line":12,"column":2},"end":{"line":18,"column":null}}],"line":10},"4":{"loc":{"start":{"line":12,"column":2},"end":{"line":18,"column":null}},"type":"if","locations":[{"start":{"line":12,"column":2},"end":{"line":18,"column":null}},{"start":{"line":14,"column":2},"end":{"line":18,"column":null}}],"line":12},"5":{"loc":{"start":{"line":14,"column":2},"end":{"line":18,"column":null}},"type":"if","locations":[{"start":{"line":14,"column":2},"end":{"line":18,"column":null}},{"start":{"line":16,"column":2},"end":{"line":18,"column":null}}],"line":14},"6":{"loc":{"start":{"line":16,"column":2},"end":{"line":18,"column":null}},"type":"if","locations":[{"start":{"line":16,"column":2},"end":{"line":18,"column":null}},{"start":{},"end":{}}],"line":16},"7":{"loc":{"start":{"line":26,"column":2},"end":{"line":46,"column":null}},"type":"if","locations":[{"start":{"line":26,"column":2},"end":{"line":46,"column":null}},{"start":{},"end":{}}],"line":26},"8":{"loc":{"start":{"line":48,"column":2},"end":{"line":66,"column":null}},"type":"if","locations":[{"start":{"line":48,"column":2},"end":{"line":66,"column":null}},{"start":{},"end":{}}],"line":48}},"s":{"0":28,"1":28,"2":4,"3":24,"4":4,"5":20,"6":0,"7":20,"8":10,"9":10,"10":0,"11":10,"12":0,"13":28,"14":28,"15":28,"16":0,"17":0,"18":0,"19":0,"20":0,"21":28,"22":0,"23":0,"24":0,"25":0,"26":28},"f":{"0":28},"b":{"0":[4,24],"1":[28,24],"2":[4,20],"3":[0,20],"4":[10,10],"5":[0,10],"6":[0,10],"7":[0,28],"8":[0,28]},"meta":{"lastBranch":9,"lastFunction":1,"lastStatement":27,"seen":{"f:3:16:3:35":0,"s:4:24:4:Infinity":0,"b:6:2:18:Infinity:8:2:18:Infinity":0,"s:6:2:18:Infinity":1,"b:6:6:6:56:6:56:6:84":1,"s:7:4:7:Infinity":2,"b:8:2:18:Infinity:10:2:18:Infinity":2,"s:8:2:18:Infinity":3,"s:9:4:9:Infinity":4,"b:10:2:18:Infinity:12:2:18:Infinity":3,"s:10:2:18:Infinity":5,"s:11:4:11:Infinity":6,"b:12:2:18:Infinity:14:2:18:Infinity":4,"s:12:2:18:Infinity":7,"s:13:4:13:Infinity":8,"b:14:2:18:Infinity:16:2:18:Infinity":5,"s:14:2:18:Infinity":9,"s:15:4:15:Infinity":10,"b:16:2:18:Infinity:undefined:undefined:undefined:undefined":6,"s:16:2:18:Infinity":11,"s:17:4:17:Infinity":12,"s:21:22:21:Infinity":13,"s:24:26:24:Infinity":14,"b:26:2:46:Infinity:undefined:undefined:undefined:undefined":7,"s:26:2:46:Infinity":15,"s:27:21:27:Infinity":16,"s:28:22:28:Infinity":17,"s:29:24:29:Infinity":18,"s:30:27:30:Infinity":19,"s:32:4:44:Infinity":20,"b:48:2:66:Infinity:undefined:undefined:undefined:undefined":8,"s:48:2:66:Infinity":21,"s:49:23:49:Infinity":22,"s:50:22:50:Infinity":23,"s:51:27:51:Infinity":24,"s:53:4:64:Infinity":25,"s:68:2:68:Infinity":26}}}
}
